# JRE version: OpenJDK Runtime Environment (11.0.12+7) (build 11.0.12+7-b1504.28-7817840)
# Java VM: OpenJDK 64-Bit Server VM (11.0.12+7-b1504.28-7817840, mixed mode, tiered, compressed oops, g1 gc, windows-amd64)
Heap:
 garbage-first heap   total 262144K, used 153898K [0x0000000080000000, 0x0000000100000000)
  region size 1024K, 8 young (8192K), 7 survivors (7168K)
 Metaspace       used 131373K, capacity 135469K, committed 135808K, reserved 1167360K
  class space    used 16674K, capacity 18200K, committed 18304K, reserved 1048576K
GC Heap History (20 events):
Event: 1105.192 GC heap before
{Heap before GC invocations=47 (full 0):
 garbage-first heap   total 262144K, used 198616K [0x0000000080000000, 0x0000000100000000)
  region size 1024K, 42 young (43008K), 2 survivors (2048K)
 Metaspace       used 128946K, capacity 132723K, committed 132992K, reserved 1165312K
  class space    used 16523K, capacity 17966K, committed 18048K, reserved 1048576K
}
Event: 1105.199 GC heap after
{Heap after GC invocations=48 (full 0):
 garbage-first heap   total 262144K, used 165839K [0x0000000080000000, 0x0000000100000000)
  region size 1024K, 6 young (6144K), 6 survivors (6144K)
 Metaspace       used 128946K, capacity 132723K, committed 132992K, reserved 1165312K
  class space    used 16523K, capacity 17966K, committed 18048K, reserved 1048576K
}
Event: 1105.394 GC heap before
{Heap before GC invocations=49 (full 0):
 garbage-first heap   total 262144K, used 231375K [0x0000000080000000, 0x0000000100000000)
  region size 1024K, 45 young (46080K), 6 survivors (6144K)
 Metaspace       used 129007K, capacity 132856K, committed 132992K, reserved 1165312K
  class space    used 16523K, capacity 17967K, committed 18048K, reserved 1048576K
}
Event: 1105.401 GC heap after
{Heap after GC invocations=50 (full 0):
 garbage-first heap   total 262144K, used 188105K [0x0000000080000000, 0x0000000100000000)
  region size 1024K, 2 young (2048K), 2 survivors (2048K)
 Metaspace       used 129007K, capacity 132856K, committed 132992K, reserved 1165312K
  class space    used 16523K, capacity 17967K, committed 18048K, reserved 1048576K
}
Event: 1109.414 GC heap before
{Heap before GC invocations=50 (full 0):
 garbage-first heap   total 262144K, used 210633K [0x0000000080000000, 0x0000000100000000)
  region size 1024K, 12 young (12288K), 2 survivors (2048K)
 Metaspace       used 129082K, capacity 132913K, committed 132992K, reserved 1165312K
  class space    used 16530K, capacity 17979K, committed 18048K, reserved 1048576K
}
Event: 1109.425 GC heap after
{Heap after GC invocations=51 (full 0):
 garbage-first heap   total 262144K, used 157417K [0x0000000080000000, 0x0000000100000000)
  region size 1024K, 2 young (2048K), 2 survivors (2048K)
 Metaspace       used 129082K, capacity 132913K, committed 132992K, reserved 1165312K
  class space    used 16530K, capacity 17979K, committed 18048K, reserved 1048576K
}
Event: 1109.942 GC heap before
{Heap before GC invocations=51 (full 0):
 garbage-first heap   total 262144K, used 199401K [0x0000000080000000, 0x0000000100000000)
  region size 1024K, 44 young (45056K), 2 survivors (2048K)
 Metaspace       used 129318K, capacity 133106K, committed 133248K, reserved 1165312K
  class space    used 16536K, capacity 17990K, committed 18048K, reserved 1048576K
}
Event: 1109.956 GC heap after
{Heap after GC invocations=52 (full 0):
 garbage-first heap   total 262144K, used 161972K [0x0000000080000000, 0x0000000100000000)
  region size 1024K, 6 young (6144K), 6 survivors (6144K)
 Metaspace       used 129318K, capacity 133106K, committed 133248K, reserved 1165312K
  class space    used 16536K, capacity 17990K, committed 18048K, reserved 1048576K
}
Event: 1523.940 GC heap before
{Heap before GC invocations=53 (full 0):
 garbage-first heap   total 262144K, used 204980K [0x0000000080000000, 0x0000000100000000)
  region size 1024K, 48 young (49152K), 6 survivors (6144K)
 Metaspace       used 129533K, capacity 133336K, committed 133504K, reserved 1165312K
  class space    used 16553K, capacity 18021K, committed 18048K, reserved 1048576K
}
Event: 1523.943 GC heap after
{Heap after GC invocations=54 (full 0):
 garbage-first heap   total 262144K, used 159620K [0x0000000080000000, 0x0000000100000000)
  region size 1024K, 3 young (3072K), 3 survivors (3072K)
 Metaspace       used 129533K, capacity 133336K, committed 133504K, reserved 1165312K
  class space    used 16553K, capacity 18021K, committed 18048K, reserved 1048576K
}
Event: 1523.983 GC heap before
{Heap before GC invocations=54 (full 0):
 garbage-first heap   total 262144K, used 167812K [0x0000000080000000, 0x0000000100000000)
  region size 1024K, 12 young (12288K), 3 survivors (3072K)
 Metaspace       used 129536K, capacity 133336K, committed 133504K, reserved 1165312K
  class space    used 16553K, capacity 18021K, committed 18048K, reserved 1048576K
}
Event: 1523.986 GC heap after
{Heap after GC invocations=55 (full 0):
 garbage-first heap   total 262144K, used 149993K [0x0000000080000000, 0x0000000100000000)
  region size 1024K, 1 young (1024K), 1 survivors (1024K)
 Metaspace       used 129536K, capacity 133336K, committed 133504K, reserved 1165312K
  class space    used 16553K, capacity 18021K, committed 18048K, reserved 1048576K
}
Event: 1524.305 GC heap before
{Heap before GC invocations=55 (full 0):
 garbage-first heap   total 262144K, used 194025K [0x0000000080000000, 0x0000000100000000)
  region size 1024K, 46 young (47104K), 1 survivors (1024K)
 Metaspace       used 129809K, capacity 133827K, committed 134144K, reserved 1165312K
  class space    used 16571K, capacity 18051K, committed 18176K, reserved 1048576K
}
Event: 1524.321 GC heap after
{Heap after GC invocations=56 (full 0):
 garbage-first heap   total 262144K, used 155956K [0x0000000080000000, 0x0000000100000000)
  region size 1024K, 7 young (7168K), 7 survivors (7168K)
 Metaspace       used 129809K, capacity 133827K, committed 134144K, reserved 1165312K
  class space    used 16571K, capacity 18051K, committed 18176K, reserved 1048576K
}
Event: 1524.782 GC heap before
{Heap before GC invocations=57 (full 0):
 garbage-first heap   total 262144K, used 207156K [0x0000000080000000, 0x0000000100000000)
  region size 1024K, 55 young (56320K), 7 survivors (7168K)
 Metaspace       used 130510K, capacity 134491K, committed 134656K, reserved 1165312K
  class space    used 16614K, capacity 18096K, committed 18176K, reserved 1048576K
}
Event: 1524.786 GC heap after
{Heap after GC invocations=58 (full 0):
 garbage-first heap   total 262144K, used 158143K [0x0000000080000000, 0x0000000100000000)
  region size 1024K, 2 young (2048K), 2 survivors (2048K)
 Metaspace       used 130510K, capacity 134491K, committed 134656K, reserved 1165312K
  class space    used 16614K, capacity 18096K, committed 18176K, reserved 1048576K
}
Event: 1524.811 GC heap before
{Heap before GC invocations=58 (full 0):
 garbage-first heap   total 262144K, used 168383K [0x0000000080000000, 0x0000000100000000)
  region size 1024K, 12 young (12288K), 2 survivors (2048K)
 Metaspace       used 130561K, capacity 134553K, committed 134656K, reserved 1165312K
  class space    used 16620K, capacity 18133K, committed 18176K, reserved 1048576K
}
Event: 1524.817 GC heap after
{Heap after GC invocations=59 (full 0):
 garbage-first heap   total 262144K, used 148373K [0x0000000080000000, 0x0000000100000000)
  region size 1024K, 1 young (1024K), 1 survivors (1024K)
 Metaspace       used 130561K, capacity 134553K, committed 134656K, reserved 1165312K
  class space    used 16620K, capacity 18133K, committed 18176K, reserved 1048576K
}
Event: 1524.938 GC heap before
{Heap before GC invocations=59 (full 0):
 garbage-first heap   total 262144K, used 157589K [0x0000000080000000, 0x0000000100000000)
  region size 1024K, 11 young (11264K), 1 survivors (1024K)
 Metaspace       used 131115K, capacity 135072K, committed 135168K, reserved 1167360K
  class space    used 16659K, capacity 18174K, committed 18176K, reserved 1048576K
}
Event: 1524.941 GC heap after
{Heap after GC invocations=60 (full 0):
 garbage-first heap   total 262144K, used 148562K [0x0000000080000000, 0x0000000100000000)
  region size 1024K, 1 young (1024K), 1 survivors (1024K)
 Metaspace       used 131115K, capacity 135072K, committed 135168K, reserved 1167360K
  class space    used 16659K, capacity 18174K, committed 18176K, reserved 1048576K
}

