# JRE version: OpenJDK Runtime Environment (11.0.12+7) (build 11.0.12+7-b1504.28-7817840)
# Java VM: OpenJDK 64-Bit Server VM (11.0.12+7-b1504.28-7817840, mixed mode, tiered, compressed oops, g1 gc, windows-amd64)
Heap:
 garbage-first heap   total 262144K, used 119491K [0x0000000080000000, 0x0000000100000000)
  region size 1024K, 57 young (58368K), 15 survivors (15360K)
 Metaspace       used 88446K, capacity 91057K, committed 91256K, reserved 1128448K
  class space    used 11648K, capacity 12636K, committed 12748K, reserved 1048576K
GC Heap History (20 events):
Event: 1.697 GC heap before
{Heap before GC invocations=1 (full 0):
 garbage-first heap   total 262144K, used 112049K [0x0000000080000000, 0x0000000100000000)
  region size 1024K, 104 young (106496K), 3 survivors (3072K)
 Metaspace       used 20714K, capacity 21137K, committed 21248K, reserved 1067008K
  class space    used 2552K, capacity 2712K, committed 2816K, reserved 1048576K
}
Event: 1.703 GC heap after
{Heap after GC invocations=2 (full 0):
 garbage-first heap   total 262144K, used 17331K [0x0000000080000000, 0x0000000100000000)
  region size 1024K, 11 young (11264K), 11 survivors (11264K)
 Metaspace       used 20714K, capacity 21137K, committed 21248K, reserved 1067008K
  class space    used 2552K, capacity 2712K, committed 2816K, reserved 1048576K
}
Event: 1.914 GC heap before
{Heap before GC invocations=3 (full 0):
 garbage-first heap   total 262144K, used 50099K [0x0000000080000000, 0x0000000100000000)
  region size 1024K, 43 young (44032K), 11 survivors (11264K)
 Metaspace       used 24242K, capacity 24821K, committed 25088K, reserved 1071104K
  class space    used 3083K, capacity 3284K, committed 3328K, reserved 1048576K
}
Event: 1.919 GC heap after
{Heap after GC invocations=4 (full 0):
 garbage-first heap   total 262144K, used 18619K [0x0000000080000000, 0x0000000100000000)
  region size 1024K, 2 young (2048K), 2 survivors (2048K)
 Metaspace       used 24242K, capacity 24821K, committed 25088K, reserved 1071104K
  class space    used 3083K, capacity 3284K, committed 3328K, reserved 1048576K
}
Event: 2.663 GC heap before
{Heap before GC invocations=4 (full 0):
 garbage-first heap   total 262144K, used 97467K [0x0000000080000000, 0x0000000100000000)
  region size 1024K, 80 young (81920K), 2 survivors (2048K)
 Metaspace       used 34893K, capacity 35718K, committed 35840K, reserved 1081344K
  class space    used 4533K, capacity 4839K, committed 4864K, reserved 1048576K
}
Event: 2.670 GC heap after
{Heap after GC invocations=5 (full 0):
 garbage-first heap   total 262144K, used 22310K [0x0000000080000000, 0x0000000100000000)
  region size 1024K, 6 young (6144K), 6 survivors (6144K)
 Metaspace       used 34893K, capacity 35718K, committed 35840K, reserved 1081344K
  class space    used 4533K, capacity 4839K, committed 4864K, reserved 1048576K
}
Event: 3.432 GC heap before
{Heap before GC invocations=6 (full 0):
 garbage-first heap   total 262144K, used 139046K [0x0000000080000000, 0x0000000100000000)
  region size 1024K, 117 young (119808K), 6 survivors (6144K)
 Metaspace       used 44612K, capacity 45615K, committed 45824K, reserved 1089536K
  class space    used 5736K, capacity 6099K, committed 6144K, reserved 1048576K
}
Event: 3.438 GC heap after
{Heap after GC invocations=7 (full 0):
 garbage-first heap   total 262144K, used 29704K [0x0000000080000000, 0x0000000100000000)
  region size 1024K, 13 young (13312K), 13 survivors (13312K)
 Metaspace       used 44612K, capacity 45615K, committed 45824K, reserved 1089536K
  class space    used 5736K, capacity 6099K, committed 6144K, reserved 1048576K
}
Event: 4.291 GC heap before
{Heap before GC invocations=7 (full 0):
 garbage-first heap   total 262144K, used 176136K [0x0000000080000000, 0x0000000100000000)
  region size 1024K, 153 young (156672K), 13 survivors (13312K)
 Metaspace       used 53380K, capacity 54768K, committed 55040K, reserved 1097728K
  class space    used 6843K, capacity 7345K, committed 7424K, reserved 1048576K
}
Event: 4.300 GC heap after
{Heap after GC invocations=8 (full 0):
 garbage-first heap   total 262144K, used 44459K [0x0000000080000000, 0x0000000100000000)
  region size 1024K, 18 young (18432K), 18 survivors (18432K)
 Metaspace       used 53380K, capacity 54768K, committed 55040K, reserved 1097728K
  class space    used 6843K, capacity 7345K, committed 7424K, reserved 1048576K
}
Event: 4.586 GC heap before
{Heap before GC invocations=8 (full 0):
 garbage-first heap   total 262144K, used 76203K [0x0000000080000000, 0x0000000100000000)
  region size 1024K, 50 young (51200K), 18 survivors (18432K)
 Metaspace       used 58342K, capacity 59837K, committed 59948K, reserved 1101824K
  class space    used 7460K, capacity 8050K, committed 8064K, reserved 1048576K
}
Event: 4.603 GC heap after
{Heap after GC invocations=9 (full 0):
 garbage-first heap   total 262144K, used 46729K [0x0000000080000000, 0x0000000100000000)
  region size 1024K, 3 young (3072K), 3 survivors (3072K)
 Metaspace       used 58342K, capacity 59837K, committed 59948K, reserved 1101824K
  class space    used 7460K, capacity 8050K, committed 8064K, reserved 1048576K
}
Event: 5.489 GC heap before
{Heap before GC invocations=10 (full 0):
 garbage-first heap   total 262144K, used 183945K [0x0000000080000000, 0x0000000100000000)
  region size 1024K, 137 young (140288K), 3 survivors (3072K)
 Metaspace       used 68778K, capacity 70317K, committed 70520K, reserved 1110016K
  class space    used 8961K, capacity 9547K, committed 9676K, reserved 1048576K
}
Event: 5.494 GC heap after
{Heap after GC invocations=11 (full 0):
 garbage-first heap   total 262144K, used 55087K [0x0000000080000000, 0x0000000100000000)
  region size 1024K, 12 young (12288K), 12 survivors (12288K)
 Metaspace       used 68778K, capacity 70317K, committed 70520K, reserved 1110016K
  class space    used 8961K, capacity 9547K, committed 9676K, reserved 1048576K
}
Event: 6.541 GC heap before
{Heap before GC invocations=11 (full 0):
 garbage-first heap   total 262144K, used 188207K [0x0000000080000000, 0x0000000100000000)
  region size 1024K, 143 young (146432K), 12 survivors (12288K)
 Metaspace       used 80511K, capacity 82509K, committed 82808K, reserved 1120256K
  class space    used 10617K, capacity 11349K, committed 11468K, reserved 1048576K
}
Event: 6.550 GC heap after
{Heap after GC invocations=12 (full 0):
 garbage-first heap   total 262144K, used 64156K [0x0000000080000000, 0x0000000100000000)
  region size 1024K, 10 young (10240K), 10 survivors (10240K)
 Metaspace       used 80511K, capacity 82509K, committed 82808K, reserved 1120256K
  class space    used 10617K, capacity 11349K, committed 11468K, reserved 1048576K
}
Event: 6.981 GC heap before
{Heap before GC invocations=12 (full 0):
 garbage-first heap   total 262144K, used 194204K [0x0000000080000000, 0x0000000100000000)
  region size 1024K, 138 young (141312K), 10 survivors (10240K)
 Metaspace       used 83024K, capacity 85647K, committed 85752K, reserved 1122304K
  class space    used 11022K, capacity 12037K, committed 12108K, reserved 1048576K
}
Event: 6.989 GC heap after
{Heap after GC invocations=13 (full 0):
 garbage-first heap   total 262144K, used 72511K [0x0000000080000000, 0x0000000100000000)
  region size 1024K, 18 young (18432K), 18 survivors (18432K)
 Metaspace       used 83024K, capacity 85647K, committed 85752K, reserved 1122304K
  class space    used 11022K, capacity 12037K, committed 12108K, reserved 1048576K
}
Event: 7.271 GC heap before
{Heap before GC invocations=13 (full 0):
 garbage-first heap   total 262144K, used 199487K [0x0000000080000000, 0x0000000100000000)
  region size 1024K, 143 young (146432K), 18 survivors (18432K)
 Metaspace       used 85810K, capacity 88427K, committed 88568K, reserved 1126400K
  class space    used 11338K, capacity 12332K, committed 12364K, reserved 1048576K
}
Event: 7.284 GC heap after
{Heap after GC invocations=14 (full 0):
 garbage-first heap   total 262144K, used 78531K [0x0000000080000000, 0x0000000100000000)
  region size 1024K, 15 young (15360K), 15 survivors (15360K)
 Metaspace       used 85810K, capacity 88427K, committed 88568K, reserved 1126400K
  class space    used 11338K, capacity 12332K, committed 12364K, reserved 1048576K
}

