# JRE version: OpenJDK Runtime Environment (11.0.12+7) (build 11.0.12+7-b1504.28-7817840)
# Java VM: OpenJDK 64-Bit Server VM (11.0.12+7-b1504.28-7817840, mixed mode, tiered, compressed oops, g1 gc, windows-amd64)
Heap:
 garbage-first heap   total 262144K, used 81788K [0x0000000080000000, 0x0000000100000000)
  region size 1024K, 18 young (18432K), 17 survivors (17408K)
 Metaspace       used 88313K, capacity 90941K, committed 91180K, reserved 1128448K
  class space    used 11624K, capacity 12615K, committed 12672K, reserved 1048576K
GC Heap History (20 events):
Event: 0.468 GC heap before
{Heap before GC invocations=0 (full 0):
 garbage-first heap   total 262144K, used 30720K [0x0000000080000000, 0x0000000100000000)
  region size 1024K, 24 young (24576K), 0 survivors (0K)
 Metaspace       used 10209K, capacity 10427K, committed 10624K, reserved 1058816K
  class space    used 1071K, capacity 1141K, committed 1152K, reserved 1048576K
}
Event: 0.471 GC heap after
{Heap after GC invocations=1 (full 0):
 garbage-first heap   total 262144K, used 9552K [0x0000000080000000, 0x0000000100000000)
  region size 1024K, 3 young (3072K), 3 survivors (3072K)
 Metaspace       used 10209K, capacity 10427K, committed 10624K, reserved 1058816K
  class space    used 1071K, capacity 1141K, committed 1152K, reserved 1048576K
}
Event: 1.718 GC heap before
{Heap before GC invocations=1 (full 0):
 garbage-first heap   total 262144K, used 111952K [0x0000000080000000, 0x0000000100000000)
  region size 1024K, 104 young (106496K), 3 survivors (3072K)
 Metaspace       used 20726K, capacity 21137K, committed 21248K, reserved 1067008K
  class space    used 2552K, capacity 2712K, committed 2816K, reserved 1048576K
}
Event: 1.725 GC heap after
{Heap after GC invocations=2 (full 0):
 garbage-first heap   total 262144K, used 16906K [0x0000000080000000, 0x0000000100000000)
  region size 1024K, 11 young (11264K), 11 survivors (11264K)
 Metaspace       used 20726K, capacity 21137K, committed 21248K, reserved 1067008K
  class space    used 2552K, capacity 2712K, committed 2816K, reserved 1048576K
}
Event: 1.931 GC heap before
{Heap before GC invocations=3 (full 0):
 garbage-first heap   total 262144K, used 47626K [0x0000000080000000, 0x0000000100000000)
  region size 1024K, 42 young (43008K), 11 survivors (11264K)
 Metaspace       used 24124K, capacity 24658K, committed 24832K, reserved 1071104K
  class space    used 3057K, capacity 3251K, committed 3328K, reserved 1048576K
}
Event: 1.935 GC heap after
{Heap after GC invocations=4 (full 0):
 garbage-first heap   total 262144K, used 18781K [0x0000000080000000, 0x0000000100000000)
  region size 1024K, 2 young (2048K), 2 survivors (2048K)
 Metaspace       used 24124K, capacity 24658K, committed 24832K, reserved 1071104K
  class space    used 3057K, capacity 3251K, committed 3328K, reserved 1048576K
}
Event: 2.584 GC heap before
{Heap before GC invocations=4 (full 0):
 garbage-first heap   total 262144K, used 98653K [0x0000000080000000, 0x0000000100000000)
  region size 1024K, 82 young (83968K), 2 survivors (2048K)
 Metaspace       used 34919K, capacity 35718K, committed 35840K, reserved 1081344K
  class space    used 4534K, capacity 4839K, committed 4864K, reserved 1048576K
}
Event: 2.590 GC heap after
{Heap after GC invocations=5 (full 0):
 garbage-first heap   total 262144K, used 22482K [0x0000000080000000, 0x0000000100000000)
  region size 1024K, 6 young (6144K), 6 survivors (6144K)
 Metaspace       used 34919K, capacity 35718K, committed 35840K, reserved 1081344K
  class space    used 4534K, capacity 4839K, committed 4864K, reserved 1048576K
}
Event: 3.401 GC heap before
{Heap before GC invocations=6 (full 0):
 garbage-first heap   total 262144K, used 149458K [0x0000000080000000, 0x0000000100000000)
  region size 1024K, 127 young (130048K), 6 survivors (6144K)
 Metaspace       used 45316K, capacity 46340K, committed 46464K, reserved 1089536K
  class space    used 5840K, capacity 6235K, committed 6272K, reserved 1048576K
}
Event: 3.407 GC heap after
{Heap after GC invocations=7 (full 0):
 garbage-first heap   total 262144K, used 29846K [0x0000000080000000, 0x0000000100000000)
  region size 1024K, 13 young (13312K), 13 survivors (13312K)
 Metaspace       used 45316K, capacity 46340K, committed 46464K, reserved 1089536K
  class space    used 5840K, capacity 6235K, committed 6272K, reserved 1048576K
}
Event: 4.292 GC heap before
{Heap before GC invocations=7 (full 0):
 garbage-first heap   total 262144K, used 176278K [0x0000000080000000, 0x0000000100000000)
  region size 1024K, 153 young (156672K), 13 survivors (13312K)
 Metaspace       used 55028K, capacity 56400K, committed 56576K, reserved 1097728K
  class space    used 7069K, capacity 7611K, committed 7680K, reserved 1048576K
}
Event: 4.302 GC heap after
{Heap after GC invocations=8 (full 0):
 garbage-first heap   total 262144K, used 44999K [0x0000000080000000, 0x0000000100000000)
  region size 1024K, 19 young (19456K), 19 survivors (19456K)
 Metaspace       used 55028K, capacity 56400K, committed 56576K, reserved 1097728K
  class space    used 7069K, capacity 7611K, committed 7680K, reserved 1048576K
}
Event: 4.484 GC heap before
{Heap before GC invocations=8 (full 0):
 garbage-first heap   total 262144K, used 66503K [0x0000000080000000, 0x0000000100000000)
  region size 1024K, 41 young (41984K), 19 survivors (19456K)
 Metaspace       used 58364K, capacity 59872K, committed 59948K, reserved 1101824K
  class space    used 7466K, capacity 8040K, committed 8064K, reserved 1048576K
}
Event: 4.498 GC heap after
{Heap after GC invocations=9 (full 0):
 garbage-first heap   total 262144K, used 47046K [0x0000000080000000, 0x0000000100000000)
  region size 1024K, 3 young (3072K), 3 survivors (3072K)
 Metaspace       used 58364K, capacity 59872K, committed 59948K, reserved 1101824K
  class space    used 7466K, capacity 8040K, committed 8064K, reserved 1048576K
}
Event: 5.556 GC heap before
{Heap before GC invocations=10 (full 0):
 garbage-first heap   total 262144K, used 200646K [0x0000000080000000, 0x0000000100000000)
  region size 1024K, 153 young (156672K), 3 survivors (3072K)
 Metaspace       used 70660K, capacity 72339K, committed 72620K, reserved 1112064K
  class space    used 9240K, capacity 9870K, committed 9984K, reserved 1048576K
}
Event: 5.568 GC heap after
{Heap after GC invocations=11 (full 0):
 garbage-first heap   total 262144K, used 56465K [0x0000000080000000, 0x0000000100000000)
  region size 1024K, 12 young (12288K), 12 survivors (12288K)
 Metaspace       used 70660K, capacity 72339K, committed 72620K, reserved 1112064K
  class space    used 9240K, capacity 9870K, committed 9984K, reserved 1048576K
}
Event: 6.587 GC heap before
{Heap before GC invocations=12 (full 0):
 garbage-first heap   total 262144K, used 200849K [0x0000000080000000, 0x0000000100000000)
  region size 1024K, 153 young (156672K), 12 survivors (12288K)
 Metaspace       used 81735K, capacity 84192K, committed 84268K, reserved 1122304K
  class space    used 10919K, capacity 11833K, committed 11904K, reserved 1048576K
}
Event: 6.598 GC heap after
{Heap after GC invocations=13 (full 0):
 garbage-first heap   total 262144K, used 65598K [0x0000000080000000, 0x0000000100000000)
  region size 1024K, 10 young (10240K), 10 survivors (10240K)
 Metaspace       used 81735K, capacity 84192K, committed 84268K, reserved 1122304K
  class space    used 10919K, capacity 11833K, committed 11904K, reserved 1048576K
}
Event: 7.030 GC heap before
{Heap before GC invocations=13 (full 0):
 garbage-first heap   total 262144K, used 203838K [0x0000000080000000, 0x0000000100000000)
  region size 1024K, 146 young (149504K), 10 survivors (10240K)
 Metaspace       used 84343K, capacity 86959K, committed 87084K, reserved 1124352K
  class space    used 11117K, capacity 12100K, committed 12160K, reserved 1048576K
}
Event: 7.038 GC heap after
{Heap after GC invocations=14 (full 0):
 garbage-first heap   total 262144K, used 74125K [0x0000000080000000, 0x0000000100000000)
  region size 1024K, 18 young (18432K), 18 survivors (18432K)
 Metaspace       used 84343K, capacity 86959K, committed 87084K, reserved 1124352K
  class space    used 11117K, capacity 12100K, committed 12160K, reserved 1048576K
}

