# JRE version: OpenJDK Runtime Environment (11.0.12+7) (build 11.0.12+7-b1504.28-7817840)
# Java VM: OpenJDK 64-Bit Server VM (11.0.12+7-b1504.28-7817840, mixed mode, tiered, compressed oops, g1 gc, windows-amd64)
Heap:
 garbage-first heap   total 262144K, used 184771K [0x0000000080000000, 0x0000000100000000)
  region size 1024K, 6 young (6144K), 2 survivors (2048K)
 Metaspace       used 108490K, capacity 110956K, committed 111496K, reserved 1146880K
  class space    used 13873K, capacity 14802K, committed 15056K, reserved 1048576K
GC Heap History (20 events):
Event: 8.589 GC heap before
{Heap before GC invocations=14 (full 0):
 garbage-first heap   total 262144K, used 196116K [0x0000000080000000, 0x0000000100000000)
  region size 1024K, 118 young (120832K), 18 survivors (18432K)
 Metaspace       used 93077K, capacity 95790K, committed 96008K, reserved 1132544K
  class space    used 11992K, capacity 13011K, committed 13136K, reserved 1048576K
}
Event: 8.600 GC heap after
{Heap after GC invocations=15 (full 0):
 garbage-first heap   total 262144K, used 101342K [0x0000000080000000, 0x0000000100000000)
  region size 1024K, 6 young (6144K), 6 survivors (6144K)
 Metaspace       used 93077K, capacity 95790K, committed 96008K, reserved 1132544K
  class space    used 11992K, capacity 13011K, committed 13136K, reserved 1048576K
}
Event: 8.962 GC heap before
{Heap before GC invocations=15 (full 0):
 garbage-first heap   total 262144K, used 201694K [0x0000000080000000, 0x0000000100000000)
  region size 1024K, 105 young (107520K), 6 survivors (6144K)
 Metaspace       used 96667K, capacity 99457K, committed 99720K, reserved 1136640K
  class space    used 12431K, capacity 13460K, committed 13520K, reserved 1048576K
}
Event: 8.966 GC heap after
{Heap after GC invocations=16 (full 0):
 garbage-first heap   total 262144K, used 99779K [0x0000000080000000, 0x0000000100000000)
  region size 1024K, 5 young (5120K), 5 survivors (5120K)
 Metaspace       used 96667K, capacity 99457K, committed 99720K, reserved 1136640K
  class space    used 12431K, capacity 13460K, committed 13520K, reserved 1048576K
}
Event: 9.049 GC heap before
{Heap before GC invocations=16 (full 0):
 garbage-first heap   total 262144K, used 116163K [0x0000000080000000, 0x0000000100000000)
  region size 1024K, 22 young (22528K), 5 survivors (5120K)
 Metaspace       used 97932K, capacity 100705K, committed 100872K, reserved 1136640K
  class space    used 12591K, capacity 13620K, committed 13648K, reserved 1048576K
}
Event: 9.052 GC heap after
{Heap after GC invocations=17 (full 0):
 garbage-first heap   total 262144K, used 99810K [0x0000000080000000, 0x0000000100000000)
  region size 1024K, 5 young (5120K), 5 survivors (5120K)
 Metaspace       used 97932K, capacity 100705K, committed 100872K, reserved 1136640K
  class space    used 12591K, capacity 13620K, committed 13648K, reserved 1048576K
}
Event: 9.509 GC heap before
{Heap before GC invocations=18 (full 0):
 garbage-first heap   total 262144K, used 200162K [0x0000000080000000, 0x0000000100000000)
  region size 1024K, 111 young (113664K), 5 survivors (5120K)
 Metaspace       used 99484K, capacity 101684K, committed 103176K, reserved 1138688K
  class space    used 12553K, capacity 13401K, committed 13904K, reserved 1048576K
}
Event: 9.517 GC heap after
{Heap after GC invocations=19 (full 0):
 garbage-first heap   total 262144K, used 103384K [0x0000000080000000, 0x0000000100000000)
  region size 1024K, 14 young (14336K), 14 survivors (14336K)
 Metaspace       used 99484K, capacity 101684K, committed 103176K, reserved 1138688K
  class space    used 12553K, capacity 13401K, committed 13904K, reserved 1048576K
}
Event: 9.519 GC heap before
{Heap before GC invocations=19 (full 0):
 garbage-first heap   total 262144K, used 104408K [0x0000000080000000, 0x0000000100000000)
  region size 1024K, 15 young (15360K), 14 survivors (14336K)
 Metaspace       used 99498K, capacity 101748K, committed 103176K, reserved 1138688K
  class space    used 12554K, capacity 13401K, committed 13904K, reserved 1048576K
}
Event: 9.526 GC heap after
{Heap after GC invocations=20 (full 0):
 garbage-first heap   total 262144K, used 97829K [0x0000000080000000, 0x0000000100000000)
  region size 1024K, 2 young (2048K), 2 survivors (2048K)
 Metaspace       used 99498K, capacity 101748K, committed 103176K, reserved 1138688K
  class space    used 12554K, capacity 13401K, committed 13904K, reserved 1048576K
}
Event: 9.803 GC heap before
{Heap before GC invocations=20 (full 0):
 garbage-first heap   total 262144K, used 205349K [0x0000000080000000, 0x0000000100000000)
  region size 1024K, 108 young (110592K), 2 survivors (2048K)
 Metaspace       used 100963K, capacity 103267K, committed 104584K, reserved 1140736K
  class space    used 12714K, capacity 13569K, committed 14032K, reserved 1048576K
}
Event: 9.807 GC heap after
{Heap after GC invocations=21 (full 0):
 garbage-first heap   total 262144K, used 103184K [0x0000000080000000, 0x0000000100000000)
  region size 1024K, 8 young (8192K), 8 survivors (8192K)
 Metaspace       used 100963K, capacity 103267K, committed 104584K, reserved 1140736K
  class space    used 12714K, capacity 13569K, committed 14032K, reserved 1048576K
}
Event: 10.005 GC heap before
{Heap before GC invocations=21 (full 0):
 garbage-first heap   total 262144K, used 207632K [0x0000000080000000, 0x0000000100000000)
  region size 1024K, 91 young (93184K), 8 survivors (8192K)
 Metaspace       used 105033K, capacity 107369K, committed 108424K, reserved 1142784K
  class space    used 13246K, capacity 14098K, committed 14544K, reserved 1048576K
}
Event: 10.013 GC heap after
{Heap after GC invocations=22 (full 0):
 garbage-first heap   total 262144K, used 136189K [0x0000000080000000, 0x0000000100000000)
  region size 1024K, 14 young (14336K), 14 survivors (14336K)
 Metaspace       used 105033K, capacity 107369K, committed 108424K, reserved 1142784K
  class space    used 13246K, capacity 14098K, committed 14544K, reserved 1048576K
}
Event: 10.171 GC heap before
{Heap before GC invocations=23 (full 0):
 garbage-first heap   total 262144K, used 229373K [0x0000000080000000, 0x0000000100000000)
  region size 1024K, 88 young (90112K), 14 survivors (14336K)
 Metaspace       used 106059K, capacity 108407K, committed 109320K, reserved 1144832K
  class space    used 13374K, capacity 14271K, committed 14672K, reserved 1048576K
}
Event: 10.180 GC heap after
{Heap after GC invocations=24 (full 0):
 garbage-first heap   total 262144K, used 154063K [0x0000000080000000, 0x0000000100000000)
  region size 1024K, 11 young (11264K), 11 survivors (11264K)
 Metaspace       used 106059K, capacity 108407K, committed 109320K, reserved 1144832K
  class space    used 13374K, capacity 14271K, committed 14672K, reserved 1048576K
}
Event: 10.188 GC heap before
{Heap before GC invocations=24 (full 0):
 garbage-first heap   total 262144K, used 155087K [0x0000000080000000, 0x0000000100000000)
  region size 1024K, 12 young (12288K), 11 survivors (11264K)
 Metaspace       used 106060K, capacity 108407K, committed 109320K, reserved 1144832K
  class space    used 13374K, capacity 14271K, committed 14672K, reserved 1048576K
}
Event: 10.201 GC heap after
{Heap after GC invocations=25 (full 0):
 garbage-first heap   total 262144K, used 155034K [0x0000000080000000, 0x0000000100000000)
  region size 1024K, 2 young (2048K), 2 survivors (2048K)
 Metaspace       used 106060K, capacity 108407K, committed 109320K, reserved 1144832K
  class space    used 13374K, capacity 14271K, committed 14672K, reserved 1048576K
}
Event: 10.245 GC heap before
{Heap before GC invocations=25 (full 0):
 garbage-first heap   total 262144K, used 180634K [0x0000000080000000, 0x0000000100000000)
  region size 1024K, 28 young (28672K), 2 survivors (2048K)
 Metaspace       used 106084K, capacity 108479K, committed 109576K, reserved 1144832K
  class space    used 13377K, capacity 14274K, committed 14672K, reserved 1048576K
}
Event: 10.253 GC heap after
{Heap after GC invocations=26 (full 0):
 garbage-first heap   total 262144K, used 160064K [0x0000000080000000, 0x0000000100000000)
  region size 1024K, 7 young (7168K), 7 survivors (7168K)
 Metaspace       used 106084K, capacity 108479K, committed 109576K, reserved 1144832K
  class space    used 13377K, capacity 14274K, committed 14672K, reserved 1048576K
}

