# JRE version: OpenJDK Runtime Environment (11.0.12+7) (build 11.0.12+7-b1504.28-7817840)
# Java VM: OpenJDK 64-Bit Server VM (11.0.12+7-b1504.28-7817840, mixed mode, tiered, compressed oops, g1 gc, windows-amd64)
Heap:
 garbage-first heap   total 262144K, used 135464K [0x0000000080000000, 0x0000000100000000)
  region size 1024K, 56 young (57344K), 10 survivors (10240K)
 Metaspace       used 91228K, capacity 94059K, committed 94344K, reserved 1130496K
  class space    used 11879K, capacity 12946K, committed 13008K, reserved 1048576K
GC Heap History (20 events):
Event: 2.678 GC heap before
{Heap before GC invocations=4 (full 0):
 garbage-first heap   total 262144K, used 101058K [0x0000000080000000, 0x0000000100000000)
  region size 1024K, 83 young (84992K), 2 survivors (2048K)
 Metaspace       used 35021K, capacity 35823K, committed 35920K, reserved 1081344K
  class space    used 4555K, capacity 4875K, committed 4944K, reserved 1048576K
}
Event: 2.683 GC heap after
{Heap after GC invocations=5 (full 0):
 garbage-first heap   total 262144K, used 22904K [0x0000000080000000, 0x0000000100000000)
  region size 1024K, 6 young (6144K), 6 survivors (6144K)
 Metaspace       used 35021K, capacity 35823K, committed 35920K, reserved 1081344K
  class space    used 4555K, capacity 4875K, committed 4944K, reserved 1048576K
}
Event: 3.533 GC heap before
{Heap before GC invocations=6 (full 0):
 garbage-first heap   total 262144K, used 145784K [0x0000000080000000, 0x0000000100000000)
  region size 1024K, 123 young (125952K), 6 survivors (6144K)
 Metaspace       used 45054K, capacity 46098K, committed 46160K, reserved 1089536K
  class space    used 5811K, capacity 6196K, committed 6224K, reserved 1048576K
}
Event: 3.540 GC heap after
{Heap after GC invocations=7 (full 0):
 garbage-first heap   total 262144K, used 30225K [0x0000000080000000, 0x0000000100000000)
  region size 1024K, 13 young (13312K), 13 survivors (13312K)
 Metaspace       used 45054K, capacity 46098K, committed 46160K, reserved 1089536K
  class space    used 5811K, capacity 6196K, committed 6224K, reserved 1048576K
}
Event: 4.430 GC heap before
{Heap before GC invocations=7 (full 0):
 garbage-first heap   total 262144K, used 176657K [0x0000000080000000, 0x0000000100000000)
  region size 1024K, 153 young (156672K), 13 survivors (13312K)
 Metaspace       used 54464K, capacity 55845K, committed 56016K, reserved 1097728K
  class space    used 7011K, capacity 7533K, committed 7632K, reserved 1048576K
}
Event: 4.440 GC heap after
{Heap after GC invocations=8 (full 0):
 garbage-first heap   total 262144K, used 45098K [0x0000000080000000, 0x0000000100000000)
  region size 1024K, 18 young (18432K), 18 survivors (18432K)
 Metaspace       used 54464K, capacity 55845K, committed 56016K, reserved 1097728K
  class space    used 7011K, capacity 7533K, committed 7632K, reserved 1048576K
}
Event: 4.690 GC heap before
{Heap before GC invocations=8 (full 0):
 garbage-first heap   total 262144K, used 70698K [0x0000000080000000, 0x0000000100000000)
  region size 1024K, 44 young (45056K), 18 survivors (18432K)
 Metaspace       used 58682K, capacity 60170K, committed 60296K, reserved 1101824K
  class space    used 7505K, capacity 8055K, committed 8144K, reserved 1048576K
}
Event: 4.708 GC heap after
{Heap after GC invocations=9 (full 0):
 garbage-first heap   total 262144K, used 47606K [0x0000000080000000, 0x0000000100000000)
  region size 1024K, 3 young (3072K), 3 survivors (3072K)
 Metaspace       used 58682K, capacity 60170K, committed 60296K, reserved 1101824K
  class space    used 7505K, capacity 8055K, committed 8144K, reserved 1048576K
}
Event: 5.439 GC heap before
{Heap before GC invocations=10 (full 0):
 garbage-first heap   total 262144K, used 164342K [0x0000000080000000, 0x0000000100000000)
  region size 1024K, 117 young (119808K), 3 survivors (3072K)
 Metaspace       used 66192K, capacity 67856K, committed 67976K, reserved 1107968K
  class space    used 8470K, capacity 9108K, committed 9168K, reserved 1048576K
}
Event: 5.448 GC heap after
{Heap after GC invocations=11 (full 0):
 garbage-first heap   total 262144K, used 54853K [0x0000000080000000, 0x0000000100000000)
  region size 1024K, 10 young (10240K), 10 survivors (10240K)
 Metaspace       used 66192K, capacity 67856K, committed 67976K, reserved 1107968K
  class space    used 8470K, capacity 9108K, committed 9168K, reserved 1048576K
}
Event: 6.446 GC heap before
{Heap before GC invocations=12 (full 0):
 garbage-first heap   total 262144K, used 174661K [0x0000000080000000, 0x0000000100000000)
  region size 1024K, 127 young (130048K), 10 survivors (10240K)
 Metaspace       used 78478K, capacity 80257K, committed 80392K, reserved 1118208K
  class space    used 10287K, capacity 10959K, committed 11088K, reserved 1048576K
}
Event: 6.454 GC heap after
{Heap after GC invocations=13 (full 0):
 garbage-first heap   total 262144K, used 62788K [0x0000000080000000, 0x0000000100000000)
  region size 1024K, 8 young (8192K), 8 survivors (8192K)
 Metaspace       used 78478K, capacity 80257K, committed 80392K, reserved 1118208K
  class space    used 10287K, capacity 10959K, committed 11088K, reserved 1048576K
}
Event: 7.003 GC heap before
{Heap before GC invocations=13 (full 0):
 garbage-first heap   total 262144K, used 181572K [0x0000000080000000, 0x0000000100000000)
  region size 1024K, 125 young (128000K), 8 survivors (8192K)
 Metaspace       used 82554K, capacity 85081K, committed 85256K, reserved 1122304K
  class space    used 10986K, capacity 11986K, committed 12112K, reserved 1048576K
}
Event: 7.010 GC heap after
{Heap after GC invocations=14 (full 0):
 garbage-first heap   total 262144K, used 70414K [0x0000000080000000, 0x0000000100000000)
  region size 1024K, 16 young (16384K), 16 survivors (16384K)
 Metaspace       used 82554K, capacity 85081K, committed 85256K, reserved 1122304K
  class space    used 10986K, capacity 11986K, committed 12112K, reserved 1048576K
}
Event: 7.291 GC heap before
{Heap before GC invocations=14 (full 0):
 garbage-first heap   total 262144K, used 188174K [0x0000000080000000, 0x0000000100000000)
  region size 1024K, 132 young (135168K), 16 survivors (16384K)
 Metaspace       used 83222K, capacity 85839K, committed 86024K, reserved 1124352K
  class space    used 11031K, capacity 12014K, committed 12112K, reserved 1048576K
}
Event: 7.302 GC heap after
{Heap after GC invocations=15 (full 0):
 garbage-first heap   total 262144K, used 78182K [0x0000000080000000, 0x0000000100000000)
  region size 1024K, 16 young (16384K), 16 survivors (16384K)
 Metaspace       used 83222K, capacity 85839K, committed 86024K, reserved 1124352K
  class space    used 11031K, capacity 12014K, committed 12112K, reserved 1048576K
}
Event: 15.195 GC heap before
{Heap before GC invocations=15 (full 0):
 garbage-first heap   total 262144K, used 195942K [0x0000000080000000, 0x0000000100000000)
  region size 1024K, 132 young (135168K), 16 survivors (16384K)
 Metaspace       used 84955K, capacity 87603K, committed 87688K, reserved 1124352K
  class space    used 11166K, capacity 12182K, committed 12240K, reserved 1048576K
}
Event: 15.207 GC heap after
{Heap after GC invocations=16 (full 0):
 garbage-first heap   total 262144K, used 86417K [0x0000000080000000, 0x0000000100000000)
  region size 1024K, 17 young (17408K), 17 survivors (17408K)
 Metaspace       used 84955K, capacity 87603K, committed 87688K, reserved 1124352K
  class space    used 11166K, capacity 12182K, committed 12240K, reserved 1048576K
}
Event: 21.153 GC heap before
{Heap before GC invocations=16 (full 0):
 garbage-first heap   total 262144K, used 199057K [0x0000000080000000, 0x0000000100000000)
  region size 1024K, 128 young (131072K), 17 survivors (17408K)
 Metaspace       used 89159K, capacity 91907K, committed 92040K, reserved 1128448K
  class space    used 11632K, capacity 12650K, committed 12752K, reserved 1048576K
}
Event: 21.163 GC heap after
{Heap after GC invocations=17 (full 0):
 garbage-first heap   total 262144K, used 89384K [0x0000000080000000, 0x0000000100000000)
  region size 1024K, 10 young (10240K), 10 survivors (10240K)
 Metaspace       used 89159K, capacity 91907K, committed 92040K, reserved 1128448K
  class space    used 11632K, capacity 12650K, committed 12752K, reserved 1048576K
}

