# JRE version: OpenJDK Runtime Environment (11.0.12+7) (build 11.0.12+7-b1504.28-7817840)
# Java VM: OpenJDK 64-Bit Server VM (11.0.12+7-b1504.28-7817840, mixed mode, tiered, compressed oops, g1 gc, windows-amd64)
Heap:
 garbage-first heap   total 262144K, used 207963K [0x0000000080000000, 0x0000000100000000)
  region size 1024K, 133 young (136192K), 15 survivors (15360K)
 Metaspace       used 92706K, capacity 95381K, committed 95608K, reserved 1132544K
  class space    used 12164K, capacity 13183K, committed 13260K, reserved 1048576K
GC Heap History (20 events):
Event: 1.701 GC heap before
{Heap before GC invocations=1 (full 0):
 garbage-first heap   total 262144K, used 111679K [0x0000000080000000, 0x0000000100000000)
  region size 1024K, 104 young (106496K), 3 survivors (3072K)
 Metaspace       used 20716K, capacity 21137K, committed 21248K, reserved 1067008K
  class space    used 2552K, capacity 2712K, committed 2816K, reserved 1048576K
}
Event: 1.708 GC heap after
{Heap after GC invocations=2 (full 0):
 garbage-first heap   total 262144K, used 16813K [0x0000000080000000, 0x0000000100000000)
  region size 1024K, 11 young (11264K), 11 survivors (11264K)
 Metaspace       used 20716K, capacity 21137K, committed 21248K, reserved 1067008K
  class space    used 2552K, capacity 2712K, committed 2816K, reserved 1048576K
}
Event: 1.919 GC heap before
{Heap before GC invocations=3 (full 0):
 garbage-first heap   total 262144K, used 49581K [0x0000000080000000, 0x0000000100000000)
  region size 1024K, 44 young (45056K), 11 survivors (11264K)
 Metaspace       used 24305K, capacity 24823K, committed 25088K, reserved 1071104K
  class space    used 3092K, capacity 3285K, committed 3328K, reserved 1048576K
}
Event: 1.924 GC heap after
{Heap after GC invocations=4 (full 0):
 garbage-first heap   total 262144K, used 18490K [0x0000000080000000, 0x0000000100000000)
  region size 1024K, 2 young (2048K), 2 survivors (2048K)
 Metaspace       used 24305K, capacity 24823K, committed 25088K, reserved 1071104K
  class space    used 3092K, capacity 3285K, committed 3328K, reserved 1048576K
}
Event: 2.552 GC heap before
{Heap before GC invocations=4 (full 0):
 garbage-first heap   total 262144K, used 97338K [0x0000000080000000, 0x0000000100000000)
  region size 1024K, 80 young (81920K), 2 survivors (2048K)
 Metaspace       used 34918K, capacity 35718K, committed 35840K, reserved 1081344K
  class space    used 4534K, capacity 4839K, committed 4864K, reserved 1048576K
}
Event: 2.561 GC heap after
{Heap after GC invocations=5 (full 0):
 garbage-first heap   total 262144K, used 22086K [0x0000000080000000, 0x0000000100000000)
  region size 1024K, 6 young (6144K), 6 survivors (6144K)
 Metaspace       used 34918K, capacity 35718K, committed 35840K, reserved 1081344K
  class space    used 4534K, capacity 4839K, committed 4864K, reserved 1048576K
}
Event: 3.340 GC heap before
{Heap before GC invocations=6 (full 0):
 garbage-first heap   total 262144K, used 139846K [0x0000000080000000, 0x0000000100000000)
  region size 1024K, 118 young (120832K), 6 survivors (6144K)
 Metaspace       used 44748K, capacity 45807K, committed 45952K, reserved 1089536K
  class space    used 5758K, capacity 6163K, committed 6272K, reserved 1048576K
}
Event: 3.347 GC heap after
{Heap after GC invocations=7 (full 0):
 garbage-first heap   total 262144K, used 29576K [0x0000000080000000, 0x0000000100000000)
  region size 1024K, 13 young (13312K), 13 survivors (13312K)
 Metaspace       used 44748K, capacity 45807K, committed 45952K, reserved 1089536K
  class space    used 5758K, capacity 6163K, committed 6272K, reserved 1048576K
}
Event: 4.202 GC heap before
{Heap before GC invocations=7 (full 0):
 garbage-first heap   total 262144K, used 177032K [0x0000000080000000, 0x0000000100000000)
  region size 1024K, 153 young (156672K), 13 survivors (13312K)
 Metaspace       used 53552K, capacity 54989K, committed 55040K, reserved 1097728K
  class space    used 6862K, capacity 7376K, committed 7424K, reserved 1048576K
}
Event: 4.211 GC heap after
{Heap after GC invocations=8 (full 0):
 garbage-first heap   total 262144K, used 43986K [0x0000000080000000, 0x0000000100000000)
  region size 1024K, 18 young (18432K), 18 survivors (18432K)
 Metaspace       used 53552K, capacity 54989K, committed 55040K, reserved 1097728K
  class space    used 6862K, capacity 7376K, committed 7424K, reserved 1048576K
}
Event: 4.488 GC heap before
{Heap before GC invocations=8 (full 0):
 garbage-first heap   total 262144K, used 74706K [0x0000000080000000, 0x0000000100000000)
  region size 1024K, 49 young (50176K), 18 survivors (18432K)
 Metaspace       used 58326K, capacity 59836K, committed 59948K, reserved 1101824K
  class space    used 7453K, capacity 8049K, committed 8064K, reserved 1048576K
}
Event: 4.502 GC heap after
{Heap after GC invocations=9 (full 0):
 garbage-first heap   total 262144K, used 46730K [0x0000000080000000, 0x0000000100000000)
  region size 1024K, 3 young (3072K), 3 survivors (3072K)
 Metaspace       used 58326K, capacity 59836K, committed 59948K, reserved 1101824K
  class space    used 7453K, capacity 8049K, committed 8064K, reserved 1048576K
}
Event: 5.348 GC heap before
{Heap before GC invocations=10 (full 0):
 garbage-first heap   total 262144K, used 179850K [0x0000000080000000, 0x0000000100000000)
  region size 1024K, 133 young (136192K), 3 survivors (3072K)
 Metaspace       used 68149K, capacity 69736K, committed 69880K, reserved 1110016K
  class space    used 8812K, capacity 9417K, committed 9548K, reserved 1048576K
}
Event: 5.358 GC heap after
{Heap after GC invocations=11 (full 0):
 garbage-first heap   total 262144K, used 54880K [0x0000000080000000, 0x0000000100000000)
  region size 1024K, 11 young (11264K), 11 survivors (11264K)
 Metaspace       used 68149K, capacity 69736K, committed 69880K, reserved 1110016K
  class space    used 8812K, capacity 9417K, committed 9548K, reserved 1048576K
}
Event: 6.437 GC heap before
{Heap before GC invocations=12 (full 0):
 garbage-first heap   total 262144K, used 185952K [0x0000000080000000, 0x0000000100000000)
  region size 1024K, 140 young (143360K), 11 survivors (11264K)
 Metaspace       used 80448K, capacity 82324K, committed 82424K, reserved 1120256K
  class space    used 10595K, capacity 11287K, committed 11340K, reserved 1048576K
}
Event: 6.446 GC heap after
{Heap after GC invocations=13 (full 0):
 garbage-first heap   total 262144K, used 63987K [0x0000000080000000, 0x0000000100000000)
  region size 1024K, 10 young (10240K), 10 survivors (10240K)
 Metaspace       used 80448K, capacity 82324K, committed 82424K, reserved 1120256K
  class space    used 10595K, capacity 11287K, committed 11340K, reserved 1048576K
}
Event: 6.929 GC heap before
{Heap before GC invocations=13 (full 0):
 garbage-first heap   total 262144K, used 191987K [0x0000000080000000, 0x0000000100000000)
  region size 1024K, 136 young (139264K), 10 survivors (10240K)
 Metaspace       used 83948K, capacity 86449K, committed 86520K, reserved 1124352K
  class space    used 11098K, capacity 12072K, committed 12108K, reserved 1048576K
}
Event: 6.937 GC heap after
{Heap after GC invocations=14 (full 0):
 garbage-first heap   total 262144K, used 71669K [0x0000000080000000, 0x0000000100000000)
  region size 1024K, 17 young (17408K), 17 survivors (17408K)
 Metaspace       used 83948K, capacity 86449K, committed 86520K, reserved 1124352K
  class space    used 11098K, capacity 12072K, committed 12108K, reserved 1048576K
}
Event: 7.523 GC heap before
{Heap before GC invocations=14 (full 0):
 garbage-first heap   total 262144K, used 198645K [0x0000000080000000, 0x0000000100000000)
  region size 1024K, 141 young (144384K), 17 survivors (17408K)
 Metaspace       used 89081K, capacity 91725K, committed 91768K, reserved 1128448K
  class space    used 11733K, capacity 12730K, committed 12748K, reserved 1048576K
}
Event: 7.533 GC heap after
{Heap after GC invocations=15 (full 0):
 garbage-first heap   total 262144K, used 77915K [0x0000000080000000, 0x0000000100000000)
  region size 1024K, 15 young (15360K), 15 survivors (15360K)
 Metaspace       used 89081K, capacity 91725K, committed 91768K, reserved 1128448K
  class space    used 11733K, capacity 12730K, committed 12748K, reserved 1048576K
}

