# JRE version: OpenJDK Runtime Environment (11.0.12+7) (build 11.0.12+7-b1504.28-7817840)
# Java VM: OpenJDK 64-Bit Server VM (11.0.12+7-b1504.28-7817840, mixed mode, tiered, compressed oops, g1 gc, windows-amd64)
Heap:
 garbage-first heap   total 610304K, used 264783K [0x0000000080000000, 0x0000000100000000)
  region size 1024K, 7 young (7168K), 7 survivors (7168K)
 Metaspace       used 107531K, capacity 110435K, committed 110728K, reserved 1144832K
  class space    used 13931K, capacity 15058K, committed 15312K, reserved 1048576K
GC Heap History (20 events):
Event: 1226.067 GC heap after
{Heap after GC invocations=40 (full 0):
 garbage-first heap   total 370688K, used 166408K [0x0000000080000000, 0x0000000100000000)
  region size 1024K, 3 young (3072K), 3 survivors (3072K)
 Metaspace       used 103490K, capacity 106330K, committed 106888K, reserved 1140736K
  class space    used 13420K, capacity 14483K, committed 14800K, reserved 1048576K
}
Event: 1226.170 GC heap before
{Heap before GC invocations=40 (full 0):
 garbage-first heap   total 370688K, used 264712K [0x0000000080000000, 0x0000000100000000)
  region size 1024K, 100 young (102400K), 3 survivors (3072K)
 Metaspace       used 103505K, capacity 106394K, committed 106888K, reserved 1140736K
  class space    used 13420K, capacity 14483K, committed 14800K, reserved 1048576K
}
Event: 1226.198 GC heap after
{Heap after GC invocations=41 (full 0):
 garbage-first heap   total 370688K, used 217596K [0x0000000080000000, 0x0000000100000000)
  region size 1024K, 13 young (13312K), 13 survivors (13312K)
 Metaspace       used 103505K, capacity 106394K, committed 106888K, reserved 1140736K
  class space    used 13420K, capacity 14483K, committed 14800K, reserved 1048576K
}
Event: 1226.386 GC heap before
{Heap before GC invocations=41 (full 0):
 garbage-first heap   total 370688K, used 279036K [0x0000000080000000, 0x0000000100000000)
  region size 1024K, 74 young (75776K), 13 survivors (13312K)
 Metaspace       used 103547K, capacity 106397K, committed 106888K, reserved 1140736K
  class space    used 13420K, capacity 14483K, committed 14800K, reserved 1048576K
}
Event: 1226.407 GC heap after
{Heap after GC invocations=42 (full 0):
 garbage-first heap   total 370688K, used 231424K [0x0000000080000000, 0x0000000100000000)
  region size 1024K, 10 young (10240K), 10 survivors (10240K)
 Metaspace       used 103547K, capacity 106397K, committed 106888K, reserved 1140736K
  class space    used 13420K, capacity 14483K, committed 14800K, reserved 1048576K
}
Event: 1226.701 GC heap before
{Heap before GC invocations=42 (full 0):
 garbage-first heap   total 370688K, used 295936K [0x0000000080000000, 0x0000000100000000)
  region size 1024K, 67 young (68608K), 10 survivors (10240K)
 Metaspace       used 103560K, capacity 106405K, committed 106888K, reserved 1140736K
  class space    used 13420K, capacity 14483K, committed 14800K, reserved 1048576K
}
Event: 1226.716 GC heap after
{Heap after GC invocations=43 (full 0):
 garbage-first heap   total 370688K, used 246734K [0x0000000080000000, 0x0000000100000000)
  region size 1024K, 7 young (7168K), 7 survivors (7168K)
 Metaspace       used 103560K, capacity 106405K, committed 106888K, reserved 1140736K
  class space    used 13420K, capacity 14483K, committed 14800K, reserved 1048576K
}
Event: 1226.899 GC heap before
{Heap before GC invocations=43 (full 0):
 garbage-first heap   total 370688K, used 304078K [0x0000000080000000, 0x0000000100000000)
  region size 1024K, 58 young (59392K), 7 survivors (7168K)
 Metaspace       used 104294K, capacity 107158K, committed 107400K, reserved 1142784K
  class space    used 13505K, capacity 14566K, committed 14800K, reserved 1048576K
}
Event: 1226.913 GC heap after
{Heap after GC invocations=44 (full 0):
 garbage-first heap   total 370688K, used 254612K [0x0000000080000000, 0x0000000100000000)
  region size 1024K, 6 young (6144K), 6 survivors (6144K)
 Metaspace       used 104294K, capacity 107158K, committed 107400K, reserved 1142784K
  class space    used 13505K, capacity 14566K, committed 14800K, reserved 1048576K
}
Event: 1227.056 GC heap before
{Heap before GC invocations=44 (full 0):
 garbage-first heap   total 370688K, used 303764K [0x0000000080000000, 0x0000000100000000)
  region size 1024K, 55 young (56320K), 6 survivors (6144K)
 Metaspace       used 104396K, capacity 107222K, committed 107656K, reserved 1142784K
  class space    used 13509K, capacity 14566K, committed 14800K, reserved 1048576K
}
Event: 1227.062 GC heap after
{Heap after GC invocations=45 (full 0):
 garbage-first heap   total 370688K, used 262144K [0x0000000080000000, 0x0000000100000000)
  region size 1024K, 7 young (7168K), 7 survivors (7168K)
 Metaspace       used 104396K, capacity 107222K, committed 107656K, reserved 1142784K
  class space    used 13509K, capacity 14566K, committed 14800K, reserved 1048576K
}
Event: 1227.190 GC heap before
{Heap before GC invocations=46 (full 0):
 garbage-first heap   total 370688K, used 300032K [0x0000000080000000, 0x0000000100000000)
  region size 1024K, 52 young (53248K), 7 survivors (7168K)
 Metaspace       used 104626K, capacity 107474K, committed 108040K, reserved 1142784K
  class space    used 13532K, capacity 14607K, committed 14928K, reserved 1048576K
}
Event: 1227.194 GC heap after
{Heap after GC invocations=47 (full 0):
 garbage-first heap   total 370688K, used 253234K [0x0000000080000000, 0x0000000100000000)
  region size 1024K, 2 young (2048K), 2 survivors (2048K)
 Metaspace       used 104626K, capacity 107474K, committed 108040K, reserved 1142784K
  class space    used 13532K, capacity 14607K, committed 14928K, reserved 1048576K
}
Event: 1227.224 GC heap before
{Heap before GC invocations=47 (full 0):
 garbage-first heap   total 370688K, used 270642K [0x0000000080000000, 0x0000000100000000)
  region size 1024K, 18 young (18432K), 2 survivors (2048K)
 Metaspace       used 104934K, capacity 107741K, committed 108040K, reserved 1142784K
  class space    used 13575K, capacity 14632K, committed 14928K, reserved 1048576K
}
Event: 1227.241 GC heap after
{Heap after GC invocations=48 (full 0):
 garbage-first heap   total 370688K, used 236027K [0x0000000080000000, 0x0000000100000000)
  region size 1024K, 3 young (3072K), 3 survivors (3072K)
 Metaspace       used 104934K, capacity 107741K, committed 108040K, reserved 1142784K
  class space    used 13575K, capacity 14632K, committed 14928K, reserved 1048576K
}
Event: 1227.262 GC heap before
{Heap before GC invocations=48 (full 0):
 garbage-first heap   total 370688K, used 251387K [0x0000000080000000, 0x0000000100000000)
  region size 1024K, 18 young (18432K), 3 survivors (3072K)
 Metaspace       used 104940K, capacity 107741K, committed 108040K, reserved 1142784K
  class space    used 13575K, capacity 14632K, committed 14928K, reserved 1048576K
}
Event: 1227.277 GC heap after
{Heap after GC invocations=49 (full 0):
 garbage-first heap   total 370688K, used 233969K [0x0000000080000000, 0x0000000100000000)
  region size 1024K, 3 young (3072K), 3 survivors (3072K)
 Metaspace       used 104940K, capacity 107741K, committed 108040K, reserved 1142784K
  class space    used 13575K, capacity 14632K, committed 14928K, reserved 1048576K
}
Event: 1227.411 GC heap before
{Heap before GC invocations=49 (full 0):
 garbage-first heap   total 370688K, used 307697K [0x0000000080000000, 0x0000000100000000)
  region size 1024K, 65 young (66560K), 3 survivors (3072K)
 Metaspace       used 106500K, capacity 109421K, committed 109832K, reserved 1144832K
  class space    used 13786K, capacity 14915K, committed 15184K, reserved 1048576K
}
Event: 1227.421 GC heap after
{Heap after GC invocations=50 (full 0):
 garbage-first heap   total 370688K, used 254246K [0x0000000080000000, 0x0000000100000000)
  region size 1024K, 9 young (9216K), 9 survivors (9216K)
 Metaspace       used 106500K, capacity 109421K, committed 109832K, reserved 1144832K
  class space    used 13786K, capacity 14915K, committed 15184K, reserved 1048576K
}
Event: 1227.503 GC heap before
{Heap before GC invocations=50 (full 0):
 garbage-first heap   total 370688K, used 296230K [0x0000000080000000, 0x0000000100000000)
  region size 1024K, 48 young (49152K), 9 survivors (9216K)
 Metaspace       used 107531K, capacity 110435K, committed 110728K, reserved 1144832K
  class space    used 13931K, capacity 15058K, committed 15312K, reserved 1048576K
}

