# JRE version: OpenJDK Runtime Environment (11.0.12+7) (build 11.0.12+7-b1504.28-7817840)
# Java VM: OpenJDK 64-Bit Server VM (11.0.12+7-b1504.28-7817840, mixed mode, tiered, compressed oops, g1 gc, windows-amd64)
Heap:
 garbage-first heap   total 272384K, used 121387K [0x0000000080000000, 0x0000000100000000)
  region size 1024K, 22 young (22528K), 6 survivors (6144K)
 Metaspace       used 95185K, capacity 97736K, committed 97784K, reserved 1134592K
  class space    used 12148K, capacity 13107K, committed 13132K, reserved 1048576K
GC Heap History (20 events):
Event: 1.913 GC heap before
{Heap before GC invocations=3 (full 0):
 garbage-first heap   total 262144K, used 60084K [0x0000000080000000, 0x0000000100000000)
  region size 1024K, 53 young (54272K), 11 survivors (11264K)
 Metaspace       used 25071K, capacity 25615K, committed 25728K, reserved 1071104K
  class space    used 3223K, capacity 3422K, committed 3456K, reserved 1048576K
}
Event: 1.917 GC heap after
{Heap after GC invocations=4 (full 0):
 garbage-first heap   total 262144K, used 18808K [0x0000000080000000, 0x0000000100000000)
  region size 1024K, 2 young (2048K), 2 survivors (2048K)
 Metaspace       used 25071K, capacity 25615K, committed 25728K, reserved 1071104K
  class space    used 3223K, capacity 3422K, committed 3456K, reserved 1048576K
}
Event: 2.616 GC heap before
{Heap before GC invocations=4 (full 0):
 garbage-first heap   total 262144K, used 87416K [0x0000000080000000, 0x0000000100000000)
  region size 1024K, 70 young (71680K), 2 survivors (2048K)
 Metaspace       used 34915K, capacity 35718K, committed 35840K, reserved 1081344K
  class space    used 4533K, capacity 4839K, committed 4864K, reserved 1048576K
}
Event: 2.625 GC heap after
{Heap after GC invocations=5 (full 0):
 garbage-first heap   total 262144K, used 22146K [0x0000000080000000, 0x0000000100000000)
  region size 1024K, 6 young (6144K), 6 survivors (6144K)
 Metaspace       used 34915K, capacity 35718K, committed 35840K, reserved 1081344K
  class space    used 4533K, capacity 4839K, committed 4864K, reserved 1048576K
}
Event: 3.406 GC heap before
{Heap before GC invocations=6 (full 0):
 garbage-first heap   total 262144K, used 144002K [0x0000000080000000, 0x0000000100000000)
  region size 1024K, 122 young (124928K), 6 survivors (6144K)
 Metaspace       used 44941K, capacity 45969K, committed 46208K, reserved 1089536K
  class space    used 5794K, capacity 6196K, committed 6272K, reserved 1048576K
}
Event: 3.413 GC heap after
{Heap after GC invocations=7 (full 0):
 garbage-first heap   total 262144K, used 29562K [0x0000000080000000, 0x0000000100000000)
  region size 1024K, 13 young (13312K), 13 survivors (13312K)
 Metaspace       used 44941K, capacity 45969K, committed 46208K, reserved 1089536K
  class space    used 5794K, capacity 6196K, committed 6272K, reserved 1048576K
}
Event: 4.288 GC heap before
{Heap before GC invocations=7 (full 0):
 garbage-first heap   total 262144K, used 177018K [0x0000000080000000, 0x0000000100000000)
  region size 1024K, 153 young (156672K), 13 survivors (13312K)
 Metaspace       used 54166K, capacity 55564K, committed 55680K, reserved 1097728K
  class space    used 6958K, capacity 7461K, committed 7552K, reserved 1048576K
}
Event: 4.297 GC heap after
{Heap after GC invocations=8 (full 0):
 garbage-first heap   total 262144K, used 44707K [0x0000000080000000, 0x0000000100000000)
  region size 1024K, 19 young (19456K), 19 survivors (19456K)
 Metaspace       used 54166K, capacity 55564K, committed 55680K, reserved 1097728K
  class space    used 6958K, capacity 7461K, committed 7552K, reserved 1048576K
}
Event: 4.536 GC heap before
{Heap before GC invocations=8 (full 0):
 garbage-first heap   total 262144K, used 72355K [0x0000000080000000, 0x0000000100000000)
  region size 1024K, 47 young (48128K), 19 survivors (19456K)
 Metaspace       used 58349K, capacity 59863K, committed 59948K, reserved 1101824K
  class space    used 7463K, capacity 8037K, committed 8064K, reserved 1048576K
}
Event: 4.549 GC heap after
{Heap after GC invocations=9 (full 0):
 garbage-first heap   total 262144K, used 46825K [0x0000000080000000, 0x0000000100000000)
  region size 1024K, 3 young (3072K), 3 survivors (3072K)
 Metaspace       used 58349K, capacity 59863K, committed 59948K, reserved 1101824K
  class space    used 7463K, capacity 8037K, committed 8064K, reserved 1048576K
}
Event: 5.572 GC heap before
{Heap before GC invocations=10 (full 0):
 garbage-first heap   total 262144K, used 198377K [0x0000000080000000, 0x0000000100000000)
  region size 1024K, 151 young (154624K), 3 survivors (3072K)
 Metaspace       used 70530K, capacity 72170K, committed 72312K, reserved 1112064K
  class space    used 9214K, capacity 9835K, committed 9932K, reserved 1048576K
}
Event: 5.579 GC heap after
{Heap after GC invocations=11 (full 0):
 garbage-first heap   total 262144K, used 56114K [0x0000000080000000, 0x0000000100000000)
  region size 1024K, 12 young (12288K), 12 survivors (12288K)
 Metaspace       used 70530K, capacity 72170K, committed 72312K, reserved 1112064K
  class space    used 9214K, capacity 9835K, committed 9932K, reserved 1048576K
}
Event: 10.993 GC heap before
{Heap before GC invocations=12 (full 0):
 garbage-first heap   total 262144K, used 200498K [0x0000000080000000, 0x0000000100000000)
  region size 1024K, 153 young (156672K), 12 survivors (12288K)
 Metaspace       used 80402K, capacity 82408K, committed 82424K, reserved 1120256K
  class space    used 10566K, capacity 11325K, committed 11340K, reserved 1048576K
}
Event: 11.003 GC heap after
{Heap after GC invocations=13 (full 0):
 garbage-first heap   total 262144K, used 65162K [0x0000000080000000, 0x0000000100000000)
  region size 1024K, 9 young (9216K), 9 survivors (9216K)
 Metaspace       used 80402K, capacity 82408K, committed 82424K, reserved 1120256K
  class space    used 10566K, capacity 11325K, committed 11340K, reserved 1048576K
}
Event: 11.846 GC heap before
{Heap before GC invocations=13 (full 0):
 garbage-first heap   total 262144K, used 202378K [0x0000000080000000, 0x0000000100000000)
  region size 1024K, 144 young (147456K), 9 survivors (9216K)
 Metaspace       used 85530K, capacity 88019K, committed 88184K, reserved 1126400K
  class space    used 11223K, capacity 12180K, committed 12236K, reserved 1048576K
}
Event: 11.857 GC heap after
{Heap after GC invocations=14 (full 0):
 garbage-first heap   total 262144K, used 77478K [0x0000000080000000, 0x0000000100000000)
  region size 1024K, 18 young (18432K), 18 survivors (18432K)
 Metaspace       used 85530K, capacity 88019K, committed 88184K, reserved 1126400K
  class space    used 11223K, capacity 12180K, committed 12236K, reserved 1048576K
}
Event: 13.287 GC heap before
{Heap before GC invocations=14 (full 0):
 garbage-first heap   total 262144K, used 230054K [0x0000000080000000, 0x0000000100000000)
  region size 1024K, 142 young (145408K), 18 survivors (18432K)
 Metaspace       used 89960K, capacity 92470K, committed 92792K, reserved 1130496K
  class space    used 11686K, capacity 12646K, committed 12748K, reserved 1048576K
}
Event: 13.305 GC heap after
{Heap after GC invocations=15 (full 0):
 garbage-first heap   total 272384K, used 100829K [0x0000000080000000, 0x0000000100000000)
  region size 1024K, 18 young (18432K), 18 survivors (18432K)
 Metaspace       used 89960K, capacity 92470K, committed 92792K, reserved 1130496K
  class space    used 11686K, capacity 12646K, committed 12748K, reserved 1048576K
}
Event: 13.657 GC heap before
{Heap before GC invocations=15 (full 0):
 garbage-first heap   total 272384K, used 208349K [0x0000000080000000, 0x0000000100000000)
  region size 1024K, 124 young (126976K), 18 survivors (18432K)
 Metaspace       used 94946K, capacity 97479K, committed 97528K, reserved 1134592K
  class space    used 12134K, capacity 13107K, committed 13132K, reserved 1048576K
}
Event: 13.667 GC heap after
{Heap after GC invocations=16 (full 0):
 garbage-first heap   total 272384K, used 107051K [0x0000000080000000, 0x0000000100000000)
  region size 1024K, 6 young (6144K), 6 survivors (6144K)
 Metaspace       used 94946K, capacity 97479K, committed 97528K, reserved 1134592K
  class space    used 12134K, capacity 13107K, committed 13132K, reserved 1048576K
}

