# JRE version: OpenJDK Runtime Environment (11.0.12+7) (build 11.0.12+7-b1504.28-7817840)
# Java VM: OpenJDK 64-Bit Server VM (11.0.12+7-b1504.28-7817840, mixed mode, tiered, compressed oops, g1 gc, windows-amd64)
Heap:
 garbage-first heap   total 262144K, used 177351K [0x0000000080000000, 0x0000000100000000)
  region size 1024K, 115 young (117760K), 16 survivors (16384K)
 Metaspace       used 89735K, capacity 92449K, committed 92800K, reserved 1128448K
  class space    used 11780K, capacity 12812K, committed 12928K, reserved 1048576K
GC Heap History (20 events):
Event: 1.688 GC heap before
{Heap before GC invocations=1 (full 0):
 garbage-first heap   total 262144K, used 113079K [0x0000000080000000, 0x0000000100000000)
  region size 1024K, 105 young (107520K), 3 survivors (3072K)
 Metaspace       used 20782K, capacity 21155K, committed 21296K, reserved 1069056K
  class space    used 2567K, capacity 2718K, committed 2816K, reserved 1048576K
}
Event: 1.694 GC heap after
{Heap after GC invocations=2 (full 0):
 garbage-first heap   total 262144K, used 17694K [0x0000000080000000, 0x0000000100000000)
  region size 1024K, 11 young (11264K), 11 survivors (11264K)
 Metaspace       used 20782K, capacity 21155K, committed 21296K, reserved 1069056K
  class space    used 2567K, capacity 2718K, committed 2816K, reserved 1048576K
}
Event: 1.930 GC heap before
{Heap before GC invocations=3 (full 0):
 garbage-first heap   total 262144K, used 54558K [0x0000000080000000, 0x0000000100000000)
  region size 1024K, 47 young (48128K), 11 survivors (11264K)
 Metaspace       used 24505K, capacity 25098K, committed 25216K, reserved 1071104K
  class space    used 3133K, capacity 3356K, committed 3456K, reserved 1048576K
}
Event: 1.934 GC heap after
{Heap after GC invocations=4 (full 0):
 garbage-first heap   total 262144K, used 18800K [0x0000000080000000, 0x0000000100000000)
  region size 1024K, 2 young (2048K), 2 survivors (2048K)
 Metaspace       used 24505K, capacity 25098K, committed 25216K, reserved 1071104K
  class space    used 3133K, capacity 3356K, committed 3456K, reserved 1048576K
}
Event: 2.534 GC heap before
{Heap before GC invocations=4 (full 0):
 garbage-first heap   total 262144K, used 92528K [0x0000000080000000, 0x0000000100000000)
  region size 1024K, 75 young (76800K), 2 survivors (2048K)
 Metaspace       used 35016K, capacity 35791K, committed 35840K, reserved 1081344K
  class space    used 4551K, capacity 4843K, committed 4864K, reserved 1048576K
}
Event: 2.541 GC heap after
{Heap after GC invocations=5 (full 0):
 garbage-first heap   total 262144K, used 22477K [0x0000000080000000, 0x0000000100000000)
  region size 1024K, 6 young (6144K), 6 survivors (6144K)
 Metaspace       used 35016K, capacity 35791K, committed 35840K, reserved 1081344K
  class space    used 4551K, capacity 4843K, committed 4864K, reserved 1048576K
}
Event: 3.225 GC heap before
{Heap before GC invocations=6 (full 0):
 garbage-first heap   total 262144K, used 126925K [0x0000000080000000, 0x0000000100000000)
  region size 1024K, 105 young (107520K), 6 survivors (6144K)
 Metaspace       used 43808K, capacity 44888K, committed 44928K, reserved 1087488K
  class space    used 5599K, capacity 5983K, committed 6016K, reserved 1048576K
}
Event: 3.233 GC heap after
{Heap after GC invocations=7 (full 0):
 garbage-first heap   total 262144K, used 29158K [0x0000000080000000, 0x0000000100000000)
  region size 1024K, 12 young (12288K), 12 survivors (12288K)
 Metaspace       used 43808K, capacity 44888K, committed 44928K, reserved 1087488K
  class space    used 5599K, capacity 5983K, committed 6016K, reserved 1048576K
}
Event: 3.905 GC heap before
{Heap before GC invocations=7 (full 0):
 garbage-first heap   total 262144K, used 152038K [0x0000000080000000, 0x0000000100000000)
  region size 1024K, 129 young (132096K), 12 survivors (12288K)
 Metaspace       used 49203K, capacity 50534K, committed 50688K, reserved 1093632K
  class space    used 6317K, capacity 6808K, committed 6912K, reserved 1048576K
}
Event: 3.913 GC heap after
{Heap after GC invocations=8 (full 0):
 garbage-first heap   total 262144K, used 43683K [0x0000000080000000, 0x0000000100000000)
  region size 1024K, 17 young (17408K), 17 survivors (17408K)
 Metaspace       used 49203K, capacity 50534K, committed 50688K, reserved 1093632K
  class space    used 6317K, capacity 6808K, committed 6912K, reserved 1048576K
}
Event: 4.462 GC heap before
{Heap before GC invocations=8 (full 0):
 garbage-first heap   total 262144K, used 107171K [0x0000000080000000, 0x0000000100000000)
  region size 1024K, 80 young (81920K), 17 survivors (17408K)
 Metaspace       used 58620K, capacity 60133K, committed 60160K, reserved 1101824K
  class space    used 7491K, capacity 8064K, committed 8064K, reserved 1048576K
}
Event: 4.477 GC heap after
{Heap after GC invocations=9 (full 0):
 garbage-first heap   total 262144K, used 46113K [0x0000000080000000, 0x0000000100000000)
  region size 1024K, 4 young (4096K), 4 survivors (4096K)
 Metaspace       used 58620K, capacity 60133K, committed 60160K, reserved 1101824K
  class space    used 7491K, capacity 8064K, committed 8064K, reserved 1048576K
}
Event: 5.274 GC heap before
{Heap before GC invocations=10 (full 0):
 garbage-first heap   total 262144K, used 173089K [0x0000000080000000, 0x0000000100000000)
  region size 1024K, 128 young (131072K), 4 survivors (4096K)
 Metaspace       used 67255K, capacity 68913K, committed 69248K, reserved 1110016K
  class space    used 8636K, capacity 9247K, committed 9344K, reserved 1048576K
}
Event: 5.279 GC heap after
{Heap after GC invocations=11 (full 0):
 garbage-first heap   total 262144K, used 54711K [0x0000000080000000, 0x0000000100000000)
  region size 1024K, 12 young (12288K), 12 survivors (12288K)
 Metaspace       used 67255K, capacity 68913K, committed 69248K, reserved 1110016K
  class space    used 8636K, capacity 9247K, committed 9344K, reserved 1048576K
}
Event: 6.340 GC heap before
{Heap before GC invocations=11 (full 0):
 garbage-first heap   total 262144K, used 181687K [0x0000000080000000, 0x0000000100000000)
  region size 1024K, 136 young (139264K), 12 survivors (12288K)
 Metaspace       used 80123K, capacity 82052K, committed 82304K, reserved 1120256K
  class space    used 10584K, capacity 11309K, committed 11392K, reserved 1048576K
}
Event: 6.349 GC heap after
{Heap after GC invocations=12 (full 0):
 garbage-first heap   total 262144K, used 63531K [0x0000000080000000, 0x0000000100000000)
  region size 1024K, 9 young (9216K), 9 survivors (9216K)
 Metaspace       used 80123K, capacity 82052K, committed 82304K, reserved 1120256K
  class space    used 10584K, capacity 11309K, committed 11392K, reserved 1048576K
}
Event: 6.837 GC heap before
{Heap before GC invocations=12 (full 0):
 garbage-first heap   total 262144K, used 188459K [0x0000000080000000, 0x0000000100000000)
  region size 1024K, 132 young (135168K), 9 survivors (9216K)
 Metaspace       used 82720K, capacity 85243K, committed 85504K, reserved 1122304K
  class space    used 10979K, capacity 11945K, committed 12032K, reserved 1048576K
}
Event: 6.847 GC heap after
{Heap after GC invocations=13 (full 0):
 garbage-first heap   total 262144K, used 71269K [0x0000000080000000, 0x0000000100000000)
  region size 1024K, 17 young (17408K), 17 survivors (17408K)
 Metaspace       used 82720K, capacity 85243K, committed 85504K, reserved 1122304K
  class space    used 10979K, capacity 11945K, committed 12032K, reserved 1048576K
}
Event: 7.121 GC heap before
{Heap before GC invocations=13 (full 0):
 garbage-first heap   total 262144K, used 194149K [0x0000000080000000, 0x0000000100000000)
  region size 1024K, 138 young (141312K), 17 survivors (17408K)
 Metaspace       used 85310K, capacity 87852K, committed 88064K, reserved 1124352K
  class space    used 11256K, capacity 12249K, committed 12288K, reserved 1048576K
}
Event: 7.133 GC heap after
{Heap after GC invocations=14 (full 0):
 garbage-first heap   total 262144K, used 78023K [0x0000000080000000, 0x0000000100000000)
  region size 1024K, 16 young (16384K), 16 survivors (16384K)
 Metaspace       used 85310K, capacity 87852K, committed 88064K, reserved 1124352K
  class space    used 11256K, capacity 12249K, committed 12288K, reserved 1048576K
}

