# JRE version: OpenJDK Runtime Environment (11.0.12+7) (build 11.0.12+7-b1504.28-7817840)
# Java VM: OpenJDK 64-Bit Server VM (11.0.12+7-b1504.28-7817840, mixed mode, tiered, compressed oops, g1 gc, windows-amd64)
Heap:
 garbage-first heap   total 262144K, used 169422K [0x0000000080000000, 0x0000000100000000)
  region size 1024K, 63 young (64512K), 4 survivors (4096K)
 Metaspace       used 104351K, capacity 107373K, committed 111444K, reserved 1144832K
  class space    used 13684K, capacity 14820K, committed 16540K, reserved 1048576K
GC Heap History (20 events):
Event: 4.744 GC heap before
{Heap before GC invocations=8 (full 0):
 garbage-first heap   total 262144K, used 78351K [0x0000000080000000, 0x0000000100000000)
  region size 1024K, 52 young (53248K), 18 survivors (18432K)
 Metaspace       used 58672K, capacity 60156K, committed 60296K, reserved 1101824K
  class space    used 7510K, capacity 8115K, committed 8144K, reserved 1048576K
}
Event: 4.759 GC heap after
{Heap after GC invocations=9 (full 0):
 garbage-first heap   total 262144K, used 46818K [0x0000000080000000, 0x0000000100000000)
  region size 1024K, 3 young (3072K), 3 survivors (3072K)
 Metaspace       used 58672K, capacity 60156K, committed 60296K, reserved 1101824K
  class space    used 7510K, capacity 8115K, committed 8144K, reserved 1048576K
}
Event: 5.667 GC heap before
{Heap before GC invocations=10 (full 0):
 garbage-first heap   total 262144K, used 183010K [0x0000000080000000, 0x0000000100000000)
  region size 1024K, 136 young (139264K), 3 survivors (3072K)
 Metaspace       used 68753K, capacity 70421K, committed 70792K, reserved 1110016K
  class space    used 8953K, capacity 9560K, committed 9680K, reserved 1048576K
}
Event: 5.673 GC heap after
{Heap after GC invocations=11 (full 0):
 garbage-first heap   total 262144K, used 55093K [0x0000000080000000, 0x0000000100000000)
  region size 1024K, 12 young (12288K), 12 survivors (12288K)
 Metaspace       used 68753K, capacity 70421K, committed 70792K, reserved 1110016K
  class space    used 8953K, capacity 9560K, committed 9680K, reserved 1048576K
}
Event: 6.774 GC heap before
{Heap before GC invocations=11 (full 0):
 garbage-first heap   total 262144K, used 188213K [0x0000000080000000, 0x0000000100000000)
  region size 1024K, 143 young (146432K), 12 survivors (12288K)
 Metaspace       used 80528K, capacity 82563K, committed 82824K, reserved 1120256K
  class space    used 10626K, capacity 11367K, committed 11472K, reserved 1048576K
}
Event: 6.783 GC heap after
{Heap after GC invocations=12 (full 0):
 garbage-first heap   total 262144K, used 64250K [0x0000000080000000, 0x0000000100000000)
  region size 1024K, 10 young (10240K), 10 survivors (10240K)
 Metaspace       used 80528K, capacity 82563K, committed 82824K, reserved 1120256K
  class space    used 10626K, capacity 11367K, committed 11472K, reserved 1048576K
}
Event: 7.195 GC heap before
{Heap before GC invocations=12 (full 0):
 garbage-first heap   total 262144K, used 194298K [0x0000000080000000, 0x0000000100000000)
  region size 1024K, 138 young (141312K), 10 survivors (10240K)
 Metaspace       used 82743K, capacity 85257K, committed 85512K, reserved 1122304K
  class space    used 10993K, capacity 11986K, committed 12112K, reserved 1048576K
}
Event: 7.203 GC heap after
{Heap after GC invocations=13 (full 0):
 garbage-first heap   total 262144K, used 72947K [0x0000000080000000, 0x0000000100000000)
  region size 1024K, 18 young (18432K), 18 survivors (18432K)
 Metaspace       used 82743K, capacity 85257K, committed 85512K, reserved 1122304K
  class space    used 10993K, capacity 11986K, committed 12112K, reserved 1048576K
}
Event: 7.535 GC heap before
{Heap before GC invocations=13 (full 0):
 garbage-first heap   total 262144K, used 205043K [0x0000000080000000, 0x0000000100000000)
  region size 1024K, 142 young (145408K), 18 survivors (18432K)
 Metaspace       used 85479K, capacity 88132K, committed 88328K, reserved 1126400K
  class space    used 11311K, capacity 12321K, committed 12368K, reserved 1048576K
}
Event: 7.546 GC heap after
{Heap after GC invocations=14 (full 0):
 garbage-first heap   total 262144K, used 81119K [0x0000000080000000, 0x0000000100000000)
  region size 1024K, 18 young (18432K), 18 survivors (18432K)
 Metaspace       used 85479K, capacity 88132K, committed 88328K, reserved 1126400K
  class space    used 11311K, capacity 12321K, committed 12368K, reserved 1048576K
}
Event: 7.933 GC heap before
{Heap before GC invocations=14 (full 0):
 garbage-first heap   total 262144K, used 190687K [0x0000000080000000, 0x0000000100000000)
  region size 1024K, 127 young (130048K), 18 survivors (18432K)
 Metaspace       used 96528K, capacity 100742K, committed 100872K, reserved 1134592K
  class space    used 13339K, capacity 15090K, committed 15184K, reserved 1048576K
}
Event: 7.965 GC heap after
{Heap after GC invocations=15 (full 0):
 garbage-first heap   total 262144K, used 99595K [0x0000000080000000, 0x0000000100000000)
  region size 1024K, 18 young (18432K), 18 survivors (18432K)
 Metaspace       used 96528K, capacity 100742K, committed 100872K, reserved 1134592K
  class space    used 13339K, capacity 15090K, committed 15184K, reserved 1048576K
}
Event: 8.328 GC heap before
{Heap before GC invocations=16 (full 0):
 garbage-first heap   total 262144K, used 203019K [0x0000000080000000, 0x0000000100000000)
  region size 1024K, 118 young (120832K), 18 survivors (18432K)
 Metaspace       used 98479K, capacity 102945K, committed 103120K, reserved 1136640K
  class space    used 13577K, capacity 15434K, committed 15516K, reserved 1048576K
}
Event: 8.342 GC heap after
{Heap after GC invocations=17 (full 0):
 garbage-first heap   total 262144K, used 106496K [0x0000000080000000, 0x0000000100000000)
  region size 1024K, 6 young (6144K), 6 survivors (6144K)
 Metaspace       used 98479K, capacity 102945K, committed 103120K, reserved 1136640K
  class space    used 13577K, capacity 15434K, committed 15516K, reserved 1048576K
}
Event: 8.886 GC heap before
{Heap before GC invocations=18 (full 0):
 garbage-first heap   total 262144K, used 210944K [0x0000000080000000, 0x0000000100000000)
  region size 1024K, 103 young (105472K), 6 survivors (6144K)
 Metaspace       used 100318K, capacity 104218K, committed 106068K, reserved 1138688K
  class space    used 13631K, capacity 15223K, committed 16028K, reserved 1048576K
}
Event: 8.891 GC heap after
{Heap after GC invocations=19 (full 0):
 garbage-first heap   total 262144K, used 103414K [0x0000000080000000, 0x0000000100000000)
  region size 1024K, 5 young (5120K), 5 survivors (5120K)
 Metaspace       used 100318K, capacity 104218K, committed 106068K, reserved 1138688K
  class space    used 13631K, capacity 15223K, committed 16028K, reserved 1048576K
}
Event: 9.180 GC heap before
{Heap before GC invocations=19 (full 0):
 garbage-first heap   total 262144K, used 167926K [0x0000000080000000, 0x0000000100000000)
  region size 1024K, 53 young (54272K), 5 survivors (5120K)
 Metaspace       used 104124K, capacity 107979K, committed 109780K, reserved 1142784K
  class space    used 14105K, capacity 15698K, committed 16412K, reserved 1048576K
}
Event: 9.186 GC heap after
{Heap after GC invocations=20 (full 0):
 garbage-first heap   total 262144K, used 122880K [0x0000000080000000, 0x0000000100000000)
  region size 1024K, 8 young (8192K), 8 survivors (8192K)
 Metaspace       used 104124K, capacity 107979K, committed 109780K, reserved 1142784K
  class space    used 14105K, capacity 15698K, committed 16412K, reserved 1048576K
}
Event: 9.391 GC heap before
{Heap before GC invocations=21 (full 0):
 garbage-first heap   total 262144K, used 134144K [0x0000000080000000, 0x0000000100000000)
  region size 1024K, 11 young (11264K), 8 survivors (8192K)
 Metaspace       used 102650K, capacity 105577K, committed 110036K, reserved 1142784K
  class space    used 13533K, capacity 14656K, committed 16412K, reserved 1048576K
}
Event: 9.396 GC heap after
{Heap after GC invocations=22 (full 0):
 garbage-first heap   total 262144K, used 103886K [0x0000000080000000, 0x0000000100000000)
  region size 1024K, 4 young (4096K), 4 survivors (4096K)
 Metaspace       used 102650K, capacity 105577K, committed 110036K, reserved 1142784K
  class space    used 13533K, capacity 14656K, committed 16412K, reserved 1048576K
}

