# JRE version: OpenJDK Runtime Environment (11.0.12+7) (build 11.0.12+7-b1504.28-7817840)
# Java VM: OpenJDK 64-Bit Server VM (11.0.12+7-b1504.28-7817840, mixed mode, tiered, compressed oops, g1 gc, windows-amd64)
Heap:
 garbage-first heap   total 262144K, used 113094K [0x0000000080000000, 0x0000000100000000)
  region size 1024K, 8 young (8192K), 6 survivors (6144K)
 Metaspace       used 111495K, capacity 114802K, committed 114988K, reserved 1148928K
  class space    used 14720K, capacity 15994K, committed 16000K, reserved 1048576K
GC Heap History (20 events):
Event: 4.191 GC heap before
{Heap before GC invocations=6 (full 0):
 garbage-first heap   total 262144K, used 158279K [0x0000000080000000, 0x0000000100000000)
  region size 1024K, 136 young (139264K), 6 survivors (6144K)
 Metaspace       used 45889K, capacity 47054K, committed 47360K, reserved 1089536K
  class space    used 5904K, capacity 6348K, committed 6400K, reserved 1048576K
}
Event: 4.199 GC heap after
{Heap after GC invocations=7 (full 0):
 garbage-first heap   total 262144K, used 30471K [0x0000000080000000, 0x0000000100000000)
  region size 1024K, 14 young (14336K), 14 survivors (14336K)
 Metaspace       used 45889K, capacity 47054K, committed 47360K, reserved 1089536K
  class space    used 5904K, capacity 6348K, committed 6400K, reserved 1048576K
}
Event: 5.896 GC heap before
{Heap before GC invocations=7 (full 0):
 garbage-first heap   total 262144K, used 175879K [0x0000000080000000, 0x0000000100000000)
  region size 1024K, 153 young (156672K), 14 survivors (14336K)
 Metaspace       used 55529K, capacity 57047K, committed 57344K, reserved 1099776K
  class space    used 7082K, capacity 7634K, committed 7680K, reserved 1048576K
}
Event: 5.909 GC heap after
{Heap after GC invocations=8 (full 0):
 garbage-first heap   total 262144K, used 45041K [0x0000000080000000, 0x0000000100000000)
  region size 1024K, 19 young (19456K), 19 survivors (19456K)
 Metaspace       used 55529K, capacity 57047K, committed 57344K, reserved 1099776K
  class space    used 7082K, capacity 7634K, committed 7680K, reserved 1048576K
}
Event: 6.119 GC heap before
{Heap before GC invocations=8 (full 0):
 garbage-first heap   total 262144K, used 63473K [0x0000000080000000, 0x0000000100000000)
  region size 1024K, 38 young (38912K), 19 survivors (19456K)
 Metaspace       used 58296K, capacity 59797K, committed 59948K, reserved 1101824K
  class space    used 7434K, capacity 7994K, committed 8064K, reserved 1048576K
}
Event: 6.135 GC heap after
{Heap after GC invocations=9 (full 0):
 garbage-first heap   total 262144K, used 47806K [0x0000000080000000, 0x0000000100000000)
  region size 1024K, 3 young (3072K), 3 survivors (3072K)
 Metaspace       used 58296K, capacity 59797K, committed 59948K, reserved 1101824K
  class space    used 7434K, capacity 7994K, committed 8064K, reserved 1048576K
}
Event: 7.403 GC heap before
{Heap before GC invocations=10 (full 0):
 garbage-first heap   total 262144K, used 186046K [0x0000000080000000, 0x0000000100000000)
  region size 1024K, 138 young (141312K), 3 survivors (3072K)
 Metaspace       used 69231K, capacity 70986K, committed 71084K, reserved 1110016K
  class space    used 9012K, capacity 9659K, committed 9728K, reserved 1048576K
}
Event: 7.415 GC heap after
{Heap after GC invocations=11 (full 0):
 garbage-first heap   total 262144K, used 55943K [0x0000000080000000, 0x0000000100000000)
  region size 1024K, 11 young (11264K), 11 survivors (11264K)
 Metaspace       used 69231K, capacity 70986K, committed 71084K, reserved 1110016K
  class space    used 9012K, capacity 9659K, committed 9728K, reserved 1048576K
}
Event: 8.885 GC heap before
{Heap before GC invocations=12 (full 0):
 garbage-first heap   total 262144K, used 191111K [0x0000000080000000, 0x0000000100000000)
  region size 1024K, 144 young (147456K), 11 survivors (11264K)
 Metaspace       used 80828K, capacity 82967K, committed 83116K, reserved 1120256K
  class space    used 10659K, capacity 11436K, committed 11520K, reserved 1048576K
}
Event: 8.896 GC heap after
{Heap after GC invocations=13 (full 0):
 garbage-first heap   total 262144K, used 65336K [0x0000000080000000, 0x0000000100000000)
  region size 1024K, 10 young (10240K), 10 survivors (10240K)
 Metaspace       used 80828K, capacity 82967K, committed 83116K, reserved 1120256K
  class space    used 10659K, capacity 11436K, committed 11520K, reserved 1048576K
}
Event: 9.819 GC heap before
{Heap before GC invocations=13 (full 0):
 garbage-first heap   total 262144K, used 196408K [0x0000000080000000, 0x0000000100000000)
  region size 1024K, 139 young (142336K), 10 survivors (10240K)
 Metaspace       used 82644K, capacity 84973K, committed 85164K, reserved 1122304K
  class space    used 10843K, capacity 11738K, committed 11776K, reserved 1048576K
}
Event: 9.829 GC heap after
{Heap after GC invocations=14 (full 0):
 garbage-first heap   total 262144K, used 74194K [0x0000000080000000, 0x0000000100000000)
  region size 1024K, 18 young (18432K), 18 survivors (18432K)
 Metaspace       used 82644K, capacity 84973K, committed 85164K, reserved 1122304K
  class space    used 10843K, capacity 11738K, committed 11776K, reserved 1048576K
}
Event: 10.257 GC heap before
{Heap before GC invocations=14 (full 0):
 garbage-first heap   total 262144K, used 201170K [0x0000000080000000, 0x0000000100000000)
  region size 1024K, 143 young (146432K), 18 survivors (18432K)
 Metaspace       used 85417K, capacity 87783K, committed 88108K, reserved 1126400K
  class space    used 11161K, capacity 12063K, committed 12160K, reserved 1048576K
}
Event: 10.271 GC heap after
{Heap after GC invocations=15 (full 0):
 garbage-first heap   total 262144K, used 79822K [0x0000000080000000, 0x0000000100000000)
  region size 1024K, 15 young (15360K), 15 survivors (15360K)
 Metaspace       used 85417K, capacity 87783K, committed 88108K, reserved 1126400K
  class space    used 11161K, capacity 12063K, committed 12160K, reserved 1048576K
}
Event: 13.471 GC heap before
{Heap before GC invocations=15 (full 0):
 garbage-first heap   total 262144K, used 205774K [0x0000000080000000, 0x0000000100000000)
  region size 1024K, 139 young (142336K), 15 survivors (15360K)
 Metaspace       used 89162K, capacity 91606K, committed 91820K, reserved 1128448K
  class space    used 11594K, capacity 12490K, committed 12544K, reserved 1048576K
}
Event: 13.488 GC heap after
{Heap after GC invocations=16 (full 0):
 garbage-first heap   total 262144K, used 94478K [0x0000000080000000, 0x0000000100000000)
  region size 1024K, 18 young (18432K), 18 survivors (18432K)
 Metaspace       used 89162K, capacity 91606K, committed 91820K, reserved 1128448K
  class space    used 11594K, capacity 12490K, committed 12544K, reserved 1048576K
}
Event: 15.110 GC heap before
{Heap before GC invocations=16 (full 0):
 garbage-first heap   total 262144K, used 206094K [0x0000000080000000, 0x0000000100000000)
  region size 1024K, 126 young (129024K), 18 survivors (18432K)
 Metaspace       used 96289K, capacity 98889K, committed 99244K, reserved 1134592K
  class space    used 12511K, capacity 13467K, committed 13568K, reserved 1048576K
}
Event: 15.122 GC heap after
{Heap after GC invocations=17 (full 0):
 garbage-first heap   total 262144K, used 105741K [0x0000000080000000, 0x0000000100000000)
  region size 1024K, 12 young (12288K), 12 survivors (12288K)
 Metaspace       used 96289K, capacity 98889K, committed 99244K, reserved 1134592K
  class space    used 12511K, capacity 13467K, committed 13568K, reserved 1048576K
}
Event: 16.941 GC heap before
{Heap before GC invocations=17 (full 0):
 garbage-first heap   total 262144K, used 205069K [0x0000000080000000, 0x0000000100000000)
  region size 1024K, 110 young (112640K), 12 survivors (12288K)
 Metaspace       used 109148K, capacity 112325K, committed 112556K, reserved 1146880K
  class space    used 14306K, capacity 15542K, committed 15616K, reserved 1048576K
}
Event: 16.946 GC heap after
{Heap after GC invocations=18 (full 0):
 garbage-first heap   total 262144K, used 105561K [0x0000000080000000, 0x0000000100000000)
  region size 1024K, 6 young (6144K), 6 survivors (6144K)
 Metaspace       used 109148K, capacity 112325K, committed 112556K, reserved 1146880K
  class space    used 14306K, capacity 15542K, committed 15616K, reserved 1048576K
}

