# JRE version: OpenJDK Runtime Environment (11.0.12+7) (build 11.0.12+7-b1504.28-7817840)
# Java VM: OpenJDK 64-Bit Server VM (11.0.12+7-b1504.28-7817840, mixed mode, tiered, compressed oops, g1 gc, windows-amd64)
Heap:
 garbage-first heap   total 262144K, used 94581K [0x0000000080000000, 0x0000000100000000)
  region size 1024K, 41 young (41984K), 17 survivors (17408K)
 Metaspace       used 82765K, capacity 85281K, committed 85584K, reserved 1122304K
  class space    used 10997K, capacity 11994K, committed 12112K, reserved 1048576K
GC Heap History (20 events):
Event: 0.457 GC heap before
{Heap before GC invocations=0 (full 0):
 garbage-first heap   total 262144K, used 30720K [0x0000000080000000, 0x0000000100000000)
  region size 1024K, 24 young (24576K), 0 survivors (0K)
 Metaspace       used 10205K, capacity 10427K, committed 10624K, reserved 1058816K
  class space    used 1071K, capacity 1141K, committed 1152K, reserved 1048576K
}
Event: 0.460 GC heap after
{Heap after GC invocations=1 (full 0):
 garbage-first heap   total 262144K, used 9211K [0x0000000080000000, 0x0000000100000000)
  region size 1024K, 3 young (3072K), 3 survivors (3072K)
 Metaspace       used 10205K, capacity 10427K, committed 10624K, reserved 1058816K
  class space    used 1071K, capacity 1141K, committed 1152K, reserved 1048576K
}
Event: 1.675 GC heap before
{Heap before GC invocations=1 (full 0):
 garbage-first heap   total 262144K, used 112635K [0x0000000080000000, 0x0000000100000000)
  region size 1024K, 105 young (107520K), 3 survivors (3072K)
 Metaspace       used 20787K, capacity 21155K, committed 21296K, reserved 1069056K
  class space    used 2565K, capacity 2718K, committed 2816K, reserved 1048576K
}
Event: 1.681 GC heap after
{Heap after GC invocations=2 (full 0):
 garbage-first heap   total 262144K, used 17453K [0x0000000080000000, 0x0000000100000000)
  region size 1024K, 12 young (12288K), 12 survivors (12288K)
 Metaspace       used 20787K, capacity 21155K, committed 21296K, reserved 1069056K
  class space    used 2565K, capacity 2718K, committed 2816K, reserved 1048576K
}
Event: 1.909 GC heap before
{Heap before GC invocations=3 (full 0):
 garbage-first heap   total 262144K, used 55341K [0x0000000080000000, 0x0000000100000000)
  region size 1024K, 49 young (50176K), 12 survivors (12288K)
 Metaspace       used 24514K, capacity 25098K, committed 25216K, reserved 1071104K
  class space    used 3137K, capacity 3356K, committed 3456K, reserved 1048576K
}
Event: 1.913 GC heap after
{Heap after GC invocations=4 (full 0):
 garbage-first heap   total 262144K, used 18809K [0x0000000080000000, 0x0000000100000000)
  region size 1024K, 2 young (2048K), 2 survivors (2048K)
 Metaspace       used 24514K, capacity 25098K, committed 25216K, reserved 1071104K
  class space    used 3137K, capacity 3356K, committed 3456K, reserved 1048576K
}
Event: 2.535 GC heap before
{Heap before GC invocations=4 (full 0):
 garbage-first heap   total 262144K, used 93561K [0x0000000080000000, 0x0000000100000000)
  region size 1024K, 76 young (77824K), 2 survivors (2048K)
 Metaspace       used 35005K, capacity 35823K, committed 35920K, reserved 1081344K
  class space    used 4555K, capacity 4875K, committed 4944K, reserved 1048576K
}
Event: 2.542 GC heap after
{Heap after GC invocations=5 (full 0):
 garbage-first heap   total 262144K, used 22641K [0x0000000080000000, 0x0000000100000000)
  region size 1024K, 6 young (6144K), 6 survivors (6144K)
 Metaspace       used 35005K, capacity 35823K, committed 35920K, reserved 1081344K
  class space    used 4555K, capacity 4875K, committed 4944K, reserved 1048576K
}
Event: 3.371 GC heap before
{Heap before GC invocations=6 (full 0):
 garbage-first heap   total 262144K, used 148593K [0x0000000080000000, 0x0000000100000000)
  region size 1024K, 126 young (129024K), 6 survivors (6144K)
 Metaspace       used 45337K, capacity 46346K, committed 46544K, reserved 1089536K
  class space    used 5843K, capacity 6236K, committed 6352K, reserved 1048576K
}
Event: 3.377 GC heap after
{Heap after GC invocations=7 (full 0):
 garbage-first heap   total 262144K, used 29899K [0x0000000080000000, 0x0000000100000000)
  region size 1024K, 13 young (13312K), 13 survivors (13312K)
 Metaspace       used 45337K, capacity 46346K, committed 46544K, reserved 1089536K
  class space    used 5843K, capacity 6236K, committed 6352K, reserved 1048576K
}
Event: 4.281 GC heap before
{Heap before GC invocations=7 (full 0):
 garbage-first heap   total 262144K, used 176331K [0x0000000080000000, 0x0000000100000000)
  region size 1024K, 153 young (156672K), 13 survivors (13312K)
 Metaspace       used 54634K, capacity 55971K, committed 56272K, reserved 1097728K
  class space    used 7027K, capacity 7532K, committed 7632K, reserved 1048576K
}
Event: 4.291 GC heap after
{Heap after GC invocations=8 (full 0):
 garbage-first heap   total 262144K, used 44500K [0x0000000080000000, 0x0000000100000000)
  region size 1024K, 18 young (18432K), 18 survivors (18432K)
 Metaspace       used 54634K, capacity 55971K, committed 56272K, reserved 1097728K
  class space    used 7027K, capacity 7532K, committed 7632K, reserved 1048576K
}
Event: 4.500 GC heap before
{Heap before GC invocations=8 (full 0):
 garbage-first heap   total 262144K, used 67028K [0x0000000080000000, 0x0000000100000000)
  region size 1024K, 41 young (41984K), 18 survivors (18432K)
 Metaspace       used 58563K, capacity 60044K, committed 60240K, reserved 1101824K
  class space    used 7483K, capacity 8014K, committed 8016K, reserved 1048576K
}
Event: 4.514 GC heap after
{Heap after GC invocations=9 (full 0):
 garbage-first heap   total 262144K, used 47045K [0x0000000080000000, 0x0000000100000000)
  region size 1024K, 3 young (3072K), 3 survivors (3072K)
 Metaspace       used 58563K, capacity 60044K, committed 60240K, reserved 1101824K
  class space    used 7483K, capacity 8014K, committed 8016K, reserved 1048576K
}
Event: 5.267 GC heap before
{Heap before GC invocations=10 (full 0):
 garbage-first heap   total 262144K, used 170949K [0x0000000080000000, 0x0000000100000000)
  region size 1024K, 124 young (126976K), 3 survivors (3072K)
 Metaspace       used 66785K, capacity 68340K, committed 68688K, reserved 1107968K
  class space    used 8551K, capacity 9163K, committed 9296K, reserved 1048576K
}
Event: 5.272 GC heap after
{Heap after GC invocations=11 (full 0):
 garbage-first heap   total 262144K, used 54739K [0x0000000080000000, 0x0000000100000000)
  region size 1024K, 11 young (11264K), 11 survivors (11264K)
 Metaspace       used 66785K, capacity 68340K, committed 68688K, reserved 1107968K
  class space    used 8551K, capacity 9163K, committed 9296K, reserved 1048576K
}
Event: 6.305 GC heap before
{Heap before GC invocations=11 (full 0):
 garbage-first heap   total 262144K, used 179667K [0x0000000080000000, 0x0000000100000000)
  region size 1024K, 133 young (136192K), 11 survivors (11264K)
 Metaspace       used 79766K, capacity 81639K, committed 82000K, reserved 1120256K
  class space    used 10529K, capacity 11238K, committed 11344K, reserved 1048576K
}
Event: 6.314 GC heap after
{Heap after GC invocations=12 (full 0):
 garbage-first heap   total 262144K, used 62858K [0x0000000080000000, 0x0000000100000000)
  region size 1024K, 9 young (9216K), 9 survivors (9216K)
 Metaspace       used 79766K, capacity 81639K, committed 82000K, reserved 1120256K
  class space    used 10529K, capacity 11238K, committed 11344K, reserved 1048576K
}
Event: 6.856 GC heap before
{Heap before GC invocations=12 (full 0):
 garbage-first heap   total 262144K, used 186762K [0x0000000080000000, 0x0000000100000000)
  region size 1024K, 131 young (134144K), 9 survivors (9216K)
 Metaspace       used 82654K, capacity 85222K, committed 85584K, reserved 1122304K
  class space    used 10987K, capacity 11983K, committed 12112K, reserved 1048576K
}
Event: 6.864 GC heap after
{Heap after GC invocations=13 (full 0):
 garbage-first heap   total 262144K, used 71029K [0x0000000080000000, 0x0000000100000000)
  region size 1024K, 17 young (17408K), 17 survivors (17408K)
 Metaspace       used 82654K, capacity 85222K, committed 85584K, reserved 1122304K
  class space    used 10987K, capacity 11983K, committed 12112K, reserved 1048576K
}

